<?xml version="1.0" encoding="UTF-8"?>
<!-- Generated by org.testng.reporters.JUnitReportReporter -->
<testsuite hostname="INBENKARSELVAN1" failures="0" tests="2" name="com.automation.tests.seleniumTests.BookTicket_Test" time="0.012" errors="1" timestamp="2022-05-19T17:22:00 IST" skipped="1">
  <testcase classname="com.automation.tests.seleniumTests.BookTicket_Test" name="Test_BookFlights" time="0.000">
    <skipped/>
  </testcase> <!-- Test_BookFlights -->
  <system-out/>
  <testcase classname="com.automation.tests.seleniumTests.BookTicket_Test" name="Initialize" time="0.012">
    <error type="java.lang.StackOverflowError">
      <![CDATA[java.lang.StackOverflowError
at com.automation.tests.seleniumTests.BookTicket_Test.Initialize(BookTicket_Test.java:17)
at com.automation.tests.seleniumTests.BookTicket_Test.Initialize(BookTicket_Test.java:17)
at com.automation.tests.seleniumTests.BookTicket_Test.Initialize(BookTicket_Test.java:17)
at com.automation.tests.seleniumTests.BookTicket_Test.Initialize(BookTicket_Test.java:17)
at com.automation.tests.seleniumTests.BookTicket_Test.Initialize(BookTicket_Test.java:17)
at com.automation.tests.seleniumTests.BookTicket_Test.Initialize(BookTicket_Test.java:17)
at com.automation.tests.seleniumTests.BookTicket_Test.Initialize(BookTicket_Test.java:17)
at com.automation.tests.seleniumTests.BookTicket_Test.Initialize(BookTicket_Test.java:17)
at com.automation.tests.seleniumTests.BookTicket_Test.Initialize(BookTicket_Test.java:17)
at com.automation.tests.seleniumTests.BookTicket_Test.Initialize(BookTicket_Test.java:17)
at com.automation.tests.seleniumTests.BookTicket_Test.Initialize(BookTicket_Test.java:17)
at com.automation.tests.seleniumTests.BookTicket_Test.Initialize(BookTicket_Test.java:17)
at com.automation.tests.seleniumTests.BookTicket_Test.Initialize(BookTicket_Test.java:17)
at com.automation.tests.seleniumTests.BookTicket_Test.Initialize(BookTicket_Test.java:17)
at com.automation.tests.seleniumTests.BookTicket_Test.Initialize(BookTicket_Test.java:17)
at com.automation.tests.seleniumTests.BookTicket_Test.Initialize(BookTicket_Test.java:17)
at com.automation.tests.seleniumTests.BookTicket_Test.Initialize(BookTicket_Test.java:17)
at com.automation.tests.seleniumTests.BookTicket_Test.Initialize(BookTicket_Test.java:17)
at com.automation.tests.seleniumTests.BookTicket_Test.Initialize(BookTicket_Test.java:17)
at com.automation.tests.seleniumTests.BookTicket_Test.Initialize(BookTicket_Test.java:17)
at com.automation.tests.seleniumTests.BookTicket_Test.Initialize(BookTicket_Test.java:17)
at com.automation.tests.seleniumTests.BookTicket_Test.Initialize(BookTicket_Test.java:17)
at com.automation.tests.seleniumTests.BookTicket_Test.Initialize(BookTicket_Test.java:17)
at com.automation.tests.seleniumTests.BookTicket_Test.Initialize(BookTicket_Test.java:17)
at com.automation.tests.seleniumTests.BookTicket_Test.Initialize(BookTicket_Test.java:17)
at com.automation.tests.seleniumTests.BookTicket_Test.Initialize(BookTicket_Test.java:17)
at com.automation.tests.seleniumTests.BookTicket_Test.Initialize(BookTicket_Test.java:17)
at com.automation.tests.seleniumTests.BookTicket_Test.Initialize(BookTicket_Test.java:17)
at com.automation.tests.seleniumTests.BookTicket_Test.Initialize(BookTicket_Test.java:17)
at com.automation.tests.seleniumTests.BookTicket_Test.Initialize(BookTicket_Test.java:17)
at com.automation.tests.seleniumTests.BookTicket_Test.Initialize(BookTicket_Test.java:17)
at com.automation.tests.seleniumTests.BookTicket_Test.Initialize(BookTicket_Test.java:17)
at com.automation.tests.seleniumTests.BookTicket_Test.Initialize(BookTicket_Test.java:17)
at com.automation.tests.seleniumTests.BookTicket_Test.Initialize(BookTicket_Test.java:17)
at com.automation.tests.seleniumTests.BookTicket_Test.Initialize(BookTicket_Test.java:17)
at com.automation.tests.seleniumTests.BookTicket_Test.Initialize(BookTicket_Test.java:17)
at com.automation.tests.seleniumTests.BookTicket_Test.Initialize(BookTicket_Test.java:17)
at com.automation.tests.seleniumTests.BookTicket_Test.Initialize(BookTicket_Test.java:17)
at com.automation.tests.seleniumTests.BookTicket_Test.Initialize(BookTicket_Test.java:17)
at com.automation.tests.seleniumTests.BookTicket_Test.Initialize(BookTicket_Test.java:17)
at com.automation.tests.seleniumTests.BookTicket_Test.Initialize(BookTicket_Test.java:17)
at com.automation.tests.seleniumTests.BookTicket_Test.Initialize(BookTicket_Test.java:17)
at com.automation.tests.seleniumTests.BookTicket_Test.Initialize(BookTicket_Test.java:17)
at com.automation.tests.seleniumTests.BookTicket_Test.Initialize(BookTicket_Test.java:17)
at com.automation.tests.seleniumTests.BookTicket_Test.Initialize(BookTicket_Test.java:17)
at com.automation.tests.seleniumTests.BookTicket_Test.Initialize(BookTicket_Test.java:17)
at com.automation.tests.seleniumTests.BookTicket_Test.Initialize(BookTicket_Test.java:17)
at com.automation.tests.seleniumTests.BookTicket_Test.Initialize(BookTicket_Test.java:17)
at com.automation.tests.seleniumTests.BookTicket_Test.Initialize(BookTicket_Test.java:17)
at com.automation.tests.seleniumTests.BookTicket_Test.Initialize(BookTicket_Test.java:17)
at com.automation.tests.seleniumTests.BookTicket_Test.Initialize(BookTicket_Test.java:17)
at com.automation.tests.seleniumTests.BookTicket_Test.Initialize(BookTicket_Test.java:17)
at com.automation.tests.seleniumTests.BookTicket_Test.Initialize(BookTicket_Test.java:17)
at com.automation.tests.seleniumTests.BookTicket_Test.Initialize(BookTicket_Test.java:17)
at com.automation.tests.seleniumTests.BookTicket_Test.Initialize(BookTicket_Test.java:17)
at com.automation.tests.seleniumTests.BookTicket_Test.Initialize(BookTicket_Test.java:17)
at com.automation.tests.seleniumTests.BookTicket_Test.Initialize(BookTicket_Test.java:17)
at com.automation.tests.seleniumTests.BookTicket_Test.Initialize(BookTicket_Test.java:17)
at com.automation.tests.seleniumTests.BookTicket_Test.Initialize(BookTicket_Test.java:17)
at com.automation.tests.seleniumTests.BookTicket_Test.Initialize(BookTicket_Test.java:17)
at com.automation.tests.seleniumTests.BookTicket_Test.Initialize(BookTicket_Test.java:17)
at com.automation.tests.seleniumTests.BookTicket_Test.Initialize(BookTicket_Test.java:17)
at com.automation.tests.seleniumTests.BookTicket_Test.Initialize(BookTicket_Test.java:17)
at com.automation.tests.seleniumTests.BookTicket_Test.Initialize(BookTicket_Test.java:17)
at com.automation.tests.seleniumTests.BookTicket_Test.Initialize(BookTicket_Test.java:17)
at com.automation.tests.seleniumTests.BookTicket_Test.Initialize(BookTicket_Test.java:17)
at com.automation.tests.seleniumTests.BookTicket_Test.Initialize(BookTicket_Test.java:17)
at com.automation.tests.seleniumTests.BookTicket_Test.Initialize(BookTicket_Test.java:17)
at com.automation.tests.seleniumTests.BookTicket_Test.Initialize(BookTicket_Test.java:17)
at com.automation.tests.seleniumTests.BookTicket_Test.Initialize(BookTicket_Test.java:17)
at com.automation.tests.seleniumTests.BookTicket_Test.Initialize(BookTicket_Test.java:17)
at com.automation.tests.seleniumTests.BookTicket_Test.Initialize(BookTicket_Test.java:17)
at com.automation.tests.seleniumTests.BookTicket_Test.Initialize(BookTicket_Test.java:17)
at com.automation.tests.seleniumTests.BookTicket_Test.Initialize(BookTicket_Test.java:17)
at com.automation.tests.seleniumTests.BookTicket_Test.Initialize(BookTicket_Test.java:17)
at com.automation.tests.seleniumTests.BookTicket_Test.Initialize(BookTicket_Test.java:17)
at com.automation.tests.seleniumTests.BookTicket_Test.Initialize(BookTicket_Test.java:17)
at com.automation.tests.seleniumTests.BookTicket_Test.Initialize(BookTicket_Test.java:17)
at com.automation.tests.seleniumTests.BookTicket_Test.Initialize(BookTicket_Test.java:17)
at com.automation.tests.seleniumTests.BookTicket_Test.Initialize(BookTicket_Test.java:17)
at com.automation.tests.seleniumTests.BookTicket_Test.Initialize(BookTicket_Test.java:17)
at com.automation.tests.seleniumTests.BookTicket_Test.Initialize(BookTicket_Test.java:17)
at com.automation.tests.seleniumTests.BookTicket_Test.Initialize(BookTicket_Test.java:17)
at com.automation.tests.seleniumTests.BookTicket_Test.Initialize(BookTicket_Test.java:17)
at com.automation.tests.seleniumTests.BookTicket_Test.Initialize(BookTicket_Test.java:17)
at com.automation.tests.seleniumTests.BookTicket_Test.Initialize(BookTicket_Test.java:17)
at com.automation.tests.seleniumTests.BookTicket_Test.Initialize(BookTicket_Test.java:17)
at com.automation.tests.seleniumTests.BookTicket_Test.Initialize(BookTicket_Test.java:17)
at com.automation.tests.seleniumTests.BookTicket_Test.Initialize(BookTicket_Test.java:17)
at com.automation.tests.seleniumTests.BookTicket_Test.Initialize(BookTicket_Test.java:17)
at com.automation.tests.seleniumTests.BookTicket_Test.Initialize(BookTicket_Test.java:17)
at com.automation.tests.seleniumTests.BookTicket_Test.Initialize(BookTicket_Test.java:17)
at com.automation.tests.seleniumTests.BookTicket_Test.Initialize(BookTicket_Test.java:17)
at com.automation.tests.seleniumTests.BookTicket_Test.Initialize(BookTicket_Test.java:17)
at com.automation.tests.seleniumTests.BookTicket_Test.Initialize(BookTicket_Test.java:17)
at com.automation.tests.seleniumTests.BookTicket_Test.Initialize(BookTicket_Test.java:17)
at com.automation.tests.seleniumTests.BookTicket_Test.Initialize(BookTicket_Test.java:17)
at com.automation.tests.seleniumTests.BookTicket_Test.Initialize(BookTicket_Test.java:17)
at com.automation.tests.seleniumTests.BookTicket_Test.Initialize(BookTicket_Test.java:17)
at com.automation.tests.seleniumTests.BookTicket_Test.Initialize(BookTicket_Test.java:17)
at com.automation.tests.seleniumTests.BookTicket_Test.Initialize(BookTicket_Test.java:17)
at com.automation.tests.seleniumTests.BookTicket_Test.Initialize(BookTicket_Test.java:17)
at com.automation.tests.seleniumTests.BookTicket_Test.Initialize(BookTicket_Test.java:17)
at com.automation.tests.seleniumTests.BookTicket_Test.Initialize(BookTicket_Test.java:17)
at com.automation.tests.seleniumTests.BookTicket_Test.Initialize(BookTicket_Test.java:17)
at com.automation.tests.seleniumTests.BookTicket_Test.Initialize(BookTicket_Test.java:17)
at com.automation.tests.seleniumTests.BookTicket_Test.Initialize(BookTicket_Test.java:17)
at com.automation.tests.seleniumTests.BookTicket_Test.Initialize(BookTicket_Test.java:17)
at com.automation.tests.seleniumTests.BookTicket_Test.Initialize(BookTicket_Test.java:17)
at com.automation.tests.seleniumTests.BookTicket_Test.Initialize(BookTicket_Test.java:17)
at com.automation.tests.seleniumTests.BookTicket_Test.Initialize(BookTicket_Test.java:17)
at com.automation.tests.seleniumTests.BookTicket_Test.Initialize(BookTicket_Test.java:17)
at com.automation.tests.seleniumTests.BookTicket_Test.Initialize(BookTicket_Test.java:17)
at com.automation.tests.seleniumTests.BookTicket_Test.Initialize(BookTicket_Test.java:17)
at com.automation.tests.seleniumTests.BookTicket_Test.Initialize(BookTicket_Test.java:17)
at com.automation.tests.seleniumTests.BookTicket_Test.Initialize(BookTicket_Test.java:17)
at com.automation.tests.seleniumTests.BookTicket_Test.Initialize(BookTicket_Test.java:17)
at com.automation.tests.seleniumTests.BookTicket_Test.Initialize(BookTicket_Test.java:17)
at com.automation.tests.seleniumTests.BookTicket_Test.Initialize(BookTicket_Test.java:17)
at com.automation.tests.seleniumTests.BookTicket_Test.Initialize(BookTicket_Test.java:17)
at com.automation.tests.seleniumTests.BookTicket_Test.Initialize(BookTicket_Test.java:17)
at com.automation.tests.seleniumTests.BookTicket_Test.Initialize(BookTicket_Test.java:17)
at com.automation.tests.seleniumTests.BookTicket_Test.Initialize(BookTicket_Test.java:17)
at com.automation.tests.seleniumTests.BookTicket_Test.Initialize(BookTicket_Test.java:17)
at com.automation.tests.seleniumTests.BookTicket_Test.Initialize(BookTicket_Test.java:17)
at com.automation.tests.seleniumTests.BookTicket_Test.Initialize(BookTicket_Test.java:17)
at com.automation.tests.seleniumTests.BookTicket_Test.Initialize(BookTicket_Test.java:17)
at com.automation.tests.seleniumTests.BookTicket_Test.Initialize(BookTicket_Test.java:17)
at com.automation.tests.seleniumTests.BookTicket_Test.Initialize(BookTicket_Test.java:17)
at com.automation.tests.seleniumTests.BookTicket_Test.Initialize(BookTicket_Test.java:17)
at com.automation.tests.seleniumTests.BookTicket_Test.Initialize(BookTicket_Test.java:17)
at com.automation.tests.seleniumTests.BookTicket_Test.Initialize(BookTicket_Test.java:17)
at com.automation.tests.seleniumTests.BookTicket_Test.Initialize(BookTicket_Test.java:17)
at com.automation.tests.seleniumTests.BookTicket_Test.Initialize(BookTicket_Test.java:17)
at com.automation.tests.seleniumTests.BookTicket_Test.Initialize(BookTicket_Test.java:17)
at com.automation.tests.seleniumTests.BookTicket_Test.Initialize(BookTicket_Test.java:17)
at com.automation.tests.seleniumTests.BookTicket_Test.Initialize(BookTicket_Test.java:17)
at com.automation.tests.seleniumTests.BookTicket_Test.Initialize(BookTicket_Test.java:17)
at com.automation.tests.seleniumTests.BookTicket_Test.Initialize(BookTicket_Test.java:17)
at com.automation.tests.seleniumTests.BookTicket_Test.Initialize(BookTicket_Test.java:17)
at com.automation.tests.seleniumTests.BookTicket_Test.Initialize(BookTicket_Test.java:17)
at com.automation.tests.seleniumTests.BookTicket_Test.Initialize(BookTicket_Test.java:17)
at com.automation.tests.seleniumTests.BookTicket_Test.Initialize(BookTicket_Test.java:17)
at com.automation.tests.seleniumTests.BookTicket_Test.Initialize(BookTicket_Test.java:17)
at com.automation.tests.seleniumTests.BookTicket_Test.Initialize(BookTicket_Test.java:17)
at com.automation.tests.seleniumTests.BookTicket_Test.Initialize(BookTicket_Test.java:17)
at com.automation.tests.seleniumTests.BookTicket_Test.Initialize(BookTicket_Test.java:17)
at com.automation.tests.seleniumTests.BookTicket_Test.Initialize(BookTicket_Test.java:17)
at com.automation.tests.seleniumTests.BookTicket_Test.Initialize(BookTicket_Test.java:17)
at com.automation.tests.seleniumTests.BookTicket_Test.Initialize(BookTicket_Test.java:17)
at com.automation.tests.seleniumTests.BookTicket_Test.Initialize(BookTicket_Test.java:17)
at com.automation.tests.seleniumTests.BookTicket_Test.Initialize(BookTicket_Test.java:17)
at com.automation.tests.seleniumTests.BookTicket_Test.Initialize(BookTicket_Test.java:17)
at com.automation.tests.seleniumTests.BookTicket_Test.Initialize(BookTicket_Test.java:17)
at com.automation.tests.seleniumTests.BookTicket_Test.Initialize(BookTicket_Test.java:17)
at com.automation.tests.seleniumTests.BookTicket_Test.Initialize(BookTicket_Test.java:17)
at com.automation.tests.seleniumTests.BookTicket_Test.Initialize(BookTicket_Test.java:17)
at com.automation.tests.seleniumTests.BookTicket_Test.Initialize(BookTicket_Test.java:17)
at com.automation.tests.seleniumTests.BookTicket_Test.Initialize(BookTicket_Test.java:17)
at com.automation.tests.seleniumTests.BookTicket_Test.Initialize(BookTicket_Test.java:17)
at com.automation.tests.seleniumTests.BookTicket_Test.Initialize(BookTicket_Test.java:17)
at com.automation.tests.seleniumTests.BookTicket_Test.Initialize(BookTicket_Test.java:17)
at com.automation.tests.seleniumTests.BookTicket_Test.Initialize(BookTicket_Test.java:17)
at com.automation.tests.seleniumTests.BookTicket_Test.Initialize(BookTicket_Test.java:17)
at com.automation.tests.seleniumTests.BookTicket_Test.Initialize(BookTicket_Test.java:17)
at com.automation.tests.seleniumTests.BookTicket_Test.Initialize(BookTicket_Test.java:17)
at com.automation.tests.seleniumTests.BookTicket_Test.Initialize(BookTicket_Test.java:17)
at com.automation.tests.seleniumTests.BookTicket_Test.Initialize(BookTicket_Test.java:17)
at com.automation.tests.seleniumTests.BookTicket_Test.Initialize(BookTicket_Test.java:17)
at com.automation.tests.seleniumTests.BookTicket_Test.Initialize(BookTicket_Test.java:17)
at com.automation.tests.seleniumTests.BookTicket_Test.Initialize(BookTicket_Test.java:17)
at com.automation.tests.seleniumTests.BookTicket_Test.Initialize(BookTicket_Test.java:17)
at com.automation.tests.seleniumTests.BookTicket_Test.Initialize(BookTicket_Test.java:17)
at com.automation.tests.seleniumTests.BookTicket_Test.Initialize(BookTicket_Test.java:17)
at com.automation.tests.seleniumTests.BookTicket_Test.Initialize(BookTicket_Test.java:17)
at com.automation.tests.seleniumTests.BookTicket_Test.Initialize(BookTicket_Test.java:17)
at com.automation.tests.seleniumTests.BookTicket_Test.Initialize(BookTicket_Test.java:17)
at com.automation.tests.seleniumTests.BookTicket_Test.Initialize(BookTicket_Test.java:17)
at com.automation.tests.seleniumTests.BookTicket_Test.Initialize(BookTicket_Test.java:17)
at com.automation.tests.seleniumTests.BookTicket_Test.Initialize(BookTicket_Test.java:17)
at com.automation.tests.seleniumTests.BookTicket_Test.Initialize(BookTicket_Test.java:17)
at com.automation.tests.seleniumTests.BookTicket_Test.Initialize(BookTicket_Test.java:17)
at com.automation.tests.seleniumTests.BookTicket_Test.Initialize(BookTicket_Test.java:17)
at com.automation.tests.seleniumTests.BookTicket_Test.Initialize(BookTicket_Test.java:17)
at com.automation.tests.seleniumTests.BookTicket_Test.Initialize(BookTicket_Test.java:17)
at com.automation.tests.seleniumTests.BookTicket_Test.Initialize(BookTicket_Test.java:17)
at com.automation.tests.seleniumTests.BookTicket_Test.Initialize(BookTicket_Test.java:17)
at com.automation.tests.seleniumTests.BookTicket_Test.Initialize(BookTicket_Test.java:17)
at com.automation.tests.seleniumTests.BookTicket_Test.Initialize(BookTicket_Test.java:17)
at com.automation.tests.seleniumTests.BookTicket_Test.Initialize(BookTicket_Test.java:17)
at com.automation.tests.seleniumTests.BookTicket_Test.Initialize(BookTicket_Test.java:17)
at com.automation.tests.seleniumTests.BookTicket_Test.Initialize(BookTicket_Test.java:17)
at com.automation.tests.seleniumTests.BookTicket_Test.Initialize(BookTicket_Test.java:17)
at com.automation.tests.seleniumTests.BookTicket_Test.Initialize(BookTicket_Test.java:17)
at com.automation.tests.seleniumTests.BookTicket_Test.Initialize(BookTicket_Test.java:17)
at com.automation.tests.seleniumTests.BookTicket_Test.Initialize(BookTicket_Test.java:17)
at com.automation.tests.seleniumTests.BookTicket_Test.Initialize(BookTicket_Test.java:17)
at com.automation.tests.seleniumTests.BookTicket_Test.Initialize(BookTicket_Test.java:17)
at com.automation.tests.seleniumTests.BookTicket_Test.Initialize(BookTicket_Test.java:17)
at com.automation.tests.seleniumTests.BookTicket_Test.Initialize(BookTicket_Test.java:17)
at com.automation.tests.seleniumTests.BookTicket_Test.Initialize(BookTicket_Test.java:17)
at com.automation.tests.seleniumTests.BookTicket_Test.Initialize(BookTicket_Test.java:17)
at com.automation.tests.seleniumTests.BookTicket_Test.Initialize(BookTicket_Test.java:17)
at com.automation.tests.seleniumTests.BookTicket_Test.Initialize(BookTicket_Test.java:17)
at com.automation.tests.seleniumTests.BookTicket_Test.Initialize(BookTicket_Test.java:17)
at com.automation.tests.seleniumTests.BookTicket_Test.Initialize(BookTicket_Test.java:17)
at com.automation.tests.seleniumTests.BookTicket_Test.Initialize(BookTicket_Test.java:17)
at com.automation.tests.seleniumTests.BookTicket_Test.Initialize(BookTicket_Test.java:17)
at com.automation.tests.seleniumTests.BookTicket_Test.Initialize(BookTicket_Test.java:17)
at com.automation.tests.seleniumTests.BookTicket_Test.Initialize(BookTicket_Test.java:17)
at com.automation.tests.seleniumTests.BookTicket_Test.Initialize(BookTicket_Test.java:17)
at com.automation.tests.seleniumTests.BookTicket_Test.Initialize(BookTicket_Test.java:17)
at com.automation.tests.seleniumTests.BookTicket_Test.Initialize(BookTicket_Test.java:17)
at com.automation.tests.seleniumTests.BookTicket_Test.Initialize(BookTicket_Test.java:17)
at com.automation.tests.seleniumTests.BookTicket_Test.Initialize(BookTicket_Test.java:17)
at com.automation.tests.seleniumTests.BookTicket_Test.Initialize(BookTicket_Test.java:17)
at com.automation.tests.seleniumTests.BookTicket_Test.Initialize(BookTicket_Test.java:17)
at com.automation.tests.seleniumTests.BookTicket_Test.Initialize(BookTicket_Test.java:17)
at com.automation.tests.seleniumTests.BookTicket_Test.Initialize(BookTicket_Test.java:17)
at com.automation.tests.seleniumTests.BookTicket_Test.Initialize(BookTicket_Test.java:17)
at com.automation.tests.seleniumTests.BookTicket_Test.Initialize(BookTicket_Test.java:17)
at com.automation.tests.seleniumTests.BookTicket_Test.Initialize(BookTicket_Test.java:17)
at com.automation.tests.seleniumTests.BookTicket_Test.Initialize(BookTicket_Test.java:17)
at com.automation.tests.seleniumTests.BookTicket_Test.Initialize(BookTicket_Test.java:17)
at com.automation.tests.seleniumTests.BookTicket_Test.Initialize(BookTicket_Test.java:17)
at com.automation.tests.seleniumTests.BookTicket_Test.Initialize(BookTicket_Test.java:17)
at com.automation.tests.seleniumTests.BookTicket_Test.Initialize(BookTicket_Test.java:17)
at com.automation.tests.seleniumTests.BookTicket_Test.Initialize(BookTicket_Test.java:17)
at com.automation.tests.seleniumTests.BookTicket_Test.Initialize(BookTicket_Test.java:17)
at com.automation.tests.seleniumTests.BookTicket_Test.Initialize(BookTicket_Test.java:17)
at com.automation.tests.seleniumTests.BookTicket_Test.Initialize(BookTicket_Test.java:17)
at com.automation.tests.seleniumTests.BookTicket_Test.Initialize(BookTicket_Test.java:17)
at com.automation.tests.seleniumTests.BookTicket_Test.Initialize(BookTicket_Test.java:17)
at com.automation.tests.seleniumTests.BookTicket_Test.Initialize(BookTicket_Test.java:17)
at com.automation.tests.seleniumTests.BookTicket_Test.Initialize(BookTicket_Test.java:17)
at com.automation.tests.seleniumTests.BookTicket_Test.Initialize(BookTicket_Test.java:17)
at com.automation.tests.seleniumTests.BookTicket_Test.Initialize(BookTicket_Test.java:17)
at com.automation.tests.seleniumTests.BookTicket_Test.Initialize(BookTicket_Test.java:17)
at com.automation.tests.seleniumTests.BookTicket_Test.Initialize(BookTicket_Test.java:17)
at com.automation.tests.seleniumTests.BookTicket_Test.Initialize(BookTicket_Test.java:17)
at com.automation.tests.seleniumTests.BookTicket_Test.Initialize(BookTicket_Test.java:17)
at com.automation.tests.seleniumTests.BookTicket_Test.Initialize(BookTicket_Test.java:17)
at com.automation.tests.seleniumTests.BookTicket_Test.Initialize(BookTicket_Test.java:17)
at com.automation.tests.seleniumTests.BookTicket_Test.Initialize(BookTicket_Test.java:17)
at com.automation.tests.seleniumTests.BookTicket_Test.Initialize(BookTicket_Test.java:17)
at com.automation.tests.seleniumTests.BookTicket_Test.Initialize(BookTicket_Test.java:17)
at com.automation.tests.seleniumTests.BookTicket_Test.Initialize(BookTicket_Test.java:17)
at com.automation.tests.seleniumTests.BookTicket_Test.Initialize(BookTicket_Test.java:17)
at com.automation.tests.seleniumTests.BookTicket_Test.Initialize(BookTicket_Test.java:17)
at com.automation.tests.seleniumTests.BookTicket_Test.Initialize(BookTicket_Test.java:17)
at com.automation.tests.seleniumTests.BookTicket_Test.Initialize(BookTicket_Test.java:17)
at com.automation.tests.seleniumTests.BookTicket_Test.Initialize(BookTicket_Test.java:17)
at com.automation.tests.seleniumTests.BookTicket_Test.Initialize(BookTicket_Test.java:17)
at com.automation.tests.seleniumTests.BookTicket_Test.Initialize(BookTicket_Test.java:17)
at com.automation.tests.seleniumTests.BookTicket_Test.Initialize(BookTicket_Test.java:17)
at com.automation.tests.seleniumTests.BookTicket_Test.Initialize(BookTicket_Test.java:17)
at com.automation.tests.seleniumTests.BookTicket_Test.Initialize(BookTicket_Test.java:17)
at com.automation.tests.seleniumTests.BookTicket_Test.Initialize(BookTicket_Test.java:17)
at com.automation.tests.seleniumTests.BookTicket_Test.Initialize(BookTicket_Test.java:17)
at com.automation.tests.seleniumTests.BookTicket_Test.Initialize(BookTicket_Test.java:17)
at com.automation.tests.seleniumTests.BookTicket_Test.Initialize(BookTicket_Test.java:17)
at com.automation.tests.seleniumTests.BookTicket_Test.Initialize(BookTicket_Test.java:17)
at com.automation.tests.seleniumTests.BookTicket_Test.Initialize(BookTicket_Test.java:17)
at com.automation.tests.seleniumTests.BookTicket_Test.Initialize(BookTicket_Test.java:17)
at com.automation.tests.seleniumTests.BookTicket_Test.Initialize(BookTicket_Test.java:17)
at com.automation.tests.seleniumTests.BookTicket_Test.Initialize(BookTicket_Test.java:17)
at com.automation.tests.seleniumTests.BookTicket_Test.Initialize(BookTicket_Test.java:17)
at com.automation.tests.seleniumTests.BookTicket_Test.Initialize(BookTicket_Test.java:17)
at com.automation.tests.seleniumTests.BookTicket_Test.Initialize(BookTicket_Test.java:17)
at com.automation.tests.seleniumTests.BookTicket_Test.Initialize(BookTicket_Test.java:17)
at com.automation.tests.seleniumTests.BookTicket_Test.Initialize(BookTicket_Test.java:17)
at com.automation.tests.seleniumTests.BookTicket_Test.Initialize(BookTicket_Test.java:17)
at com.automation.tests.seleniumTests.BookTicket_Test.Initialize(BookTicket_Test.java:17)
at com.automation.tests.seleniumTests.BookTicket_Test.Initialize(BookTicket_Test.java:17)
at com.automation.tests.seleniumTests.BookTicket_Test.Initialize(BookTicket_Test.java:17)
at com.automation.tests.seleniumTests.BookTicket_Test.Initialize(BookTicket_Test.java:17)
at com.automation.tests.seleniumTests.BookTicket_Test.Initialize(BookTicket_Test.java:17)
at com.automation.tests.seleniumTests.BookTicket_Test.Initialize(BookTicket_Test.java:17)
at com.automation.tests.seleniumTests.BookTicket_Test.Initialize(BookTicket_Test.java:17)
at com.automation.tests.seleniumTests.BookTicket_Test.Initialize(BookTicket_Test.java:17)
at com.automation.tests.seleniumTests.BookTicket_Test.Initialize(BookTicket_Test.java:17)
at com.automation.tests.seleniumTests.BookTicket_Test.Initialize(BookTicket_Test.java:17)
at com.automation.tests.seleniumTests.BookTicket_Test.Initialize(BookTicket_Test.java:17)
at com.automation.tests.seleniumTests.BookTicket_Test.Initialize(BookTicket_Test.java:17)
at com.automation.tests.seleniumTests.BookTicket_Test.Initialize(BookTicket_Test.java:17)
at com.automation.tests.seleniumTests.BookTicket_Test.Initialize(BookTicket_Test.java:17)
at com.automation.tests.seleniumTests.BookTicket_Test.Initialize(BookTicket_Test.java:17)
at com.automation.tests.seleniumTests.BookTicket_Test.Initialize(BookTicket_Test.java:17)
at com.automation.tests.seleniumTests.BookTicket_Test.Initialize(BookTicket_Test.java:17)
at com.automation.tests.seleniumTests.BookTicket_Test.Initialize(BookTicket_Test.java:17)
at com.automation.tests.seleniumTests.BookTicket_Test.Initialize(BookTicket_Test.java:17)
at com.automation.tests.seleniumTests.BookTicket_Test.Initialize(BookTicket_Test.java:17)
at com.automation.tests.seleniumTests.BookTicket_Test.Initialize(BookTicket_Test.java:17)
at com.automation.tests.seleniumTests.BookTicket_Test.Initialize(BookTicket_Test.java:17)
at com.automation.tests.seleniumTests.BookTicket_Test.Initialize(BookTicket_Test.java:17)
at com.automation.tests.seleniumTests.BookTicket_Test.Initialize(BookTicket_Test.java:17)
at com.automation.tests.seleniumTests.BookTicket_Test.Initialize(BookTicket_Test.java:17)
at com.automation.tests.seleniumTests.BookTicket_Test.Initialize(BookTicket_Test.java:17)
at com.automation.tests.seleniumTests.BookTicket_Test.Initialize(BookTicket_Test.java:17)
at com.automation.tests.seleniumTests.BookTicket_Test.Initialize(BookTicket_Test.java:17)
at com.automation.tests.seleniumTests.BookTicket_Test.Initialize(BookTicket_Test.java:17)
at com.automation.tests.seleniumTests.BookTicket_Test.Initialize(BookTicket_Test.java:17)
at com.automation.tests.seleniumTests.BookTicket_Test.Initialize(BookTicket_Test.java:17)
at com.automation.tests.seleniumTests.BookTicket_Test.Initialize(BookTicket_Test.java:17)
at com.automation.tests.seleniumTests.BookTicket_Test.Initialize(BookTicket_Test.java:17)
at com.automation.tests.seleniumTests.BookTicket_Test.Initialize(BookTicket_Test.java:17)
at com.automation.tests.seleniumTests.BookTicket_Test.Initialize(BookTicket_Test.java:17)
at com.automation.tests.seleniumTests.BookTicket_Test.Initialize(BookTicket_Test.java:17)
at com.automation.tests.seleniumTests.BookTicket_Test.Initialize(BookTicket_Test.java:17)
at com.automation.tests.seleniumTests.BookTicket_Test.Initialize(BookTicket_Test.java:17)
at com.automation.tests.seleniumTests.BookTicket_Test.Initialize(BookTicket_Test.java:17)
at com.automation.tests.seleniumTests.BookTicket_Test.Initialize(BookTicket_Test.java:17)
at com.automation.tests.seleniumTests.BookTicket_Test.Initialize(BookTicket_Test.java:17)
at com.automation.tests.seleniumTests.BookTicket_Test.Initialize(BookTicket_Test.java:17)
at com.automation.tests.seleniumTests.BookTicket_Test.Initialize(BookTicket_Test.java:17)
at com.automation.tests.seleniumTests.BookTicket_Test.Initialize(BookTicket_Test.java:17)
at com.automation.tests.seleniumTests.BookTicket_Test.Initialize(BookTicket_Test.java:17)
at com.automation.tests.seleniumTests.BookTicket_Test.Initialize(BookTicket_Test.java:17)
at com.automation.tests.seleniumTests.BookTicket_Test.Initialize(BookTicket_Test.java:17)
at com.automation.tests.seleniumTests.BookTicket_Test.Initialize(BookTicket_Test.java:17)
at com.automation.tests.seleniumTests.BookTicket_Test.Initialize(BookTicket_Test.java:17)
at com.automation.tests.seleniumTests.BookTicket_Test.Initialize(BookTicket_Test.java:17)
at com.automation.tests.seleniumTests.BookTicket_Test.Initialize(BookTicket_Test.java:17)
at com.automation.tests.seleniumTests.BookTicket_Test.Initialize(BookTicket_Test.java:17)
at com.automation.tests.seleniumTests.BookTicket_Test.Initialize(BookTicket_Test.java:17)
at com.automation.tests.seleniumTests.BookTicket_Test.Initialize(BookTicket_Test.java:17)
at com.automation.tests.seleniumTests.BookTicket_Test.Initialize(BookTicket_Test.java:17)
at com.automation.tests.seleniumTests.BookTicket_Test.Initialize(BookTicket_Test.java:17)
at com.automation.tests.seleniumTests.BookTicket_Test.Initialize(BookTicket_Test.java:17)
at com.automation.tests.seleniumTests.BookTicket_Test.Initialize(BookTicket_Test.java:17)
at com.automation.tests.seleniumTests.BookTicket_Test.Initialize(BookTicket_Test.java:17)
at com.automation.tests.seleniumTests.BookTicket_Test.Initialize(BookTicket_Test.java:17)
at com.automation.tests.seleniumTests.BookTicket_Test.Initialize(BookTicket_Test.java:17)
at com.automation.tests.seleniumTests.BookTicket_Test.Initialize(BookTicket_Test.java:17)
at com.automation.tests.seleniumTests.BookTicket_Test.Initialize(BookTicket_Test.java:17)
at com.automation.tests.seleniumTests.BookTicket_Test.Initialize(BookTicket_Test.java:17)
at com.automation.tests.seleniumTests.BookTicket_Test.Initialize(BookTicket_Test.java:17)
at com.automation.tests.seleniumTests.BookTicket_Test.Initialize(BookTicket_Test.java:17)
at com.automation.tests.seleniumTests.BookTicket_Test.Initialize(BookTicket_Test.java:17)
at com.automation.tests.seleniumTests.BookTicket_Test.Initialize(BookTicket_Test.java:17)
at com.automation.tests.seleniumTests.BookTicket_Test.Initialize(BookTicket_Test.java:17)
at com.automation.tests.seleniumTests.BookTicket_Test.Initialize(BookTicket_Test.java:17)
at com.automation.tests.seleniumTests.BookTicket_Test.Initialize(BookTicket_Test.java:17)
at com.automation.tests.seleniumTests.BookTicket_Test.Initialize(BookTicket_Test.java:17)
at com.automation.tests.seleniumTests.BookTicket_Test.Initialize(BookTicket_Test.java:17)
at com.automation.tests.seleniumTests.BookTicket_Test.Initialize(BookTicket_Test.java:17)
at com.automation.tests.seleniumTests.BookTicket_Test.Initialize(BookTicket_Test.java:17)
at com.automation.tests.seleniumTests.BookTicket_Test.Initialize(BookTicket_Test.java:17)
at com.automation.tests.seleniumTests.BookTicket_Test.Initialize(BookTicket_Test.java:17)
at com.automation.tests.seleniumTests.BookTicket_Test.Initialize(BookTicket_Test.java:17)
at com.automation.tests.seleniumTests.BookTicket_Test.Initialize(BookTicket_Test.java:17)
at com.automation.tests.seleniumTests.BookTicket_Test.Initialize(BookTicket_Test.java:17)
at com.automation.tests.seleniumTests.BookTicket_Test.Initialize(BookTicket_Test.java:17)
at com.automation.tests.seleniumTests.BookTicket_Test.Initialize(BookTicket_Test.java:17)
at com.automation.tests.seleniumTests.BookTicket_Test.Initialize(BookTicket_Test.java:17)
at com.automation.tests.seleniumTests.BookTicket_Test.Initialize(BookTicket_Test.java:17)
at com.automation.tests.seleniumTests.BookTicket_Test.Initialize(BookTicket_Test.java:17)
at com.automation.tests.seleniumTests.BookTicket_Test.Initialize(BookTicket_Test.java:17)
at com.automation.tests.seleniumTests.BookTicket_Test.Initialize(BookTicket_Test.java:17)
at com.automation.tests.seleniumTests.BookTicket_Test.Initialize(BookTicket_Test.java:17)
at com.automation.tests.seleniumTests.BookTicket_Test.Initialize(BookTicket_Test.java:17)
at com.automation.tests.seleniumTests.BookTicket_Test.Initialize(BookTicket_Test.java:17)
at com.automation.tests.seleniumTests.BookTicket_Test.Initialize(BookTicket_Test.java:17)
at com.automation.tests.seleniumTests.BookTicket_Test.Initialize(BookTicket_Test.java:17)
at com.automation.tests.seleniumTests.BookTicket_Test.Initialize(BookTicket_Test.java:17)
at com.automation.tests.seleniumTests.BookTicket_Test.Initialize(BookTicket_Test.java:17)
at com.automation.tests.seleniumTests.BookTicket_Test.Initialize(BookTicket_Test.java:17)
at com.automation.tests.seleniumTests.BookTicket_Test.Initialize(BookTicket_Test.java:17)
at com.automation.tests.seleniumTests.BookTicket_Test.Initialize(BookTicket_Test.java:17)
at com.automation.tests.seleniumTests.BookTicket_Test.Initialize(BookTicket_Test.java:17)
at com.automation.tests.seleniumTests.BookTicket_Test.Initialize(BookTicket_Test.java:17)
at com.automation.tests.seleniumTests.BookTicket_Test.Initialize(BookTicket_Test.java:17)
at com.automation.tests.seleniumTests.BookTicket_Test.Initialize(BookTicket_Test.java:17)
at com.automation.tests.seleniumTests.BookTicket_Test.Initialize(BookTicket_Test.java:17)
at com.automation.tests.seleniumTests.BookTicket_Test.Initialize(BookTicket_Test.java:17)
at com.automation.tests.seleniumTests.BookTicket_Test.Initialize(BookTicket_Test.java:17)
at com.automation.tests.seleniumTests.BookTicket_Test.Initialize(BookTicket_Test.java:17)
at com.automation.tests.seleniumTests.BookTicket_Test.Initialize(BookTicket_Test.java:17)
at com.automation.tests.seleniumTests.BookTicket_Test.Initialize(BookTicket_Test.java:17)
at com.automation.tests.seleniumTests.BookTicket_Test.Initialize(BookTicket_Test.java:17)
at com.automation.tests.seleniumTests.BookTicket_Test.Initialize(BookTicket_Test.java:17)
at com.automation.tests.seleniumTests.BookTicket_Test.Initialize(BookTicket_Test.java:17)
at com.automation.tests.seleniumTests.BookTicket_Test.Initialize(BookTicket_Test.java:17)
at com.automation.tests.seleniumTests.BookTicket_Test.Initialize(BookTicket_Test.java:17)
at com.automation.tests.seleniumTests.BookTicket_Test.Initialize(BookTicket_Test.java:17)
at com.automation.tests.seleniumTests.BookTicket_Test.Initialize(BookTicket_Test.java:17)
at com.automation.tests.seleniumTests.BookTicket_Test.Initialize(BookTicket_Test.java:17)
at com.automation.tests.seleniumTests.BookTicket_Test.Initialize(BookTicket_Test.java:17)
at com.automation.tests.seleniumTests.BookTicket_Test.Initialize(BookTicket_Test.java:17)
at com.automation.tests.seleniumTests.BookTicket_Test.Initialize(BookTicket_Test.java:17)
at com.automation.tests.seleniumTests.BookTicket_Test.Initialize(BookTicket_Test.java:17)
at com.automation.tests.seleniumTests.BookTicket_Test.Initialize(BookTicket_Test.java:17)
at com.automation.tests.seleniumTests.BookTicket_Test.Initialize(BookTicket_Test.java:17)
at com.automation.tests.seleniumTests.BookTicket_Test.Initialize(BookTicket_Test.java:17)
at com.automation.tests.seleniumTests.BookTicket_Test.Initialize(BookTicket_Test.java:17)
at com.automation.tests.seleniumTests.BookTicket_Test.Initialize(BookTicket_Test.java:17)
at com.automation.tests.seleniumTests.BookTicket_Test.Initialize(BookTicket_Test.java:17)
at com.automation.tests.seleniumTests.BookTicket_Test.Initialize(BookTicket_Test.java:17)
at com.automation.tests.seleniumTests.BookTicket_Test.Initialize(BookTicket_Test.java:17)
at com.automation.tests.seleniumTests.BookTicket_Test.Initialize(BookTicket_Test.java:17)
at com.automation.tests.seleniumTests.BookTicket_Test.Initialize(BookTicket_Test.java:17)
at com.automation.tests.seleniumTests.BookTicket_Test.Initialize(BookTicket_Test.java:17)
at com.automation.tests.seleniumTests.BookTicket_Test.Initialize(BookTicket_Test.java:17)
at com.automation.tests.seleniumTests.BookTicket_Test.Initialize(BookTicket_Test.java:17)
at com.automation.tests.seleniumTests.BookTicket_Test.Initialize(BookTicket_Test.java:17)
at com.automation.tests.seleniumTests.BookTicket_Test.Initialize(BookTicket_Test.java:17)
at com.automation.tests.seleniumTests.BookTicket_Test.Initialize(BookTicket_Test.java:17)
at com.automation.tests.seleniumTests.BookTicket_Test.Initialize(BookTicket_Test.java:17)
at com.automation.tests.seleniumTests.BookTicket_Test.Initialize(BookTicket_Test.java:17)
at com.automation.tests.seleniumTests.BookTicket_Test.Initialize(BookTicket_Test.java:17)
at com.automation.tests.seleniumTests.BookTicket_Test.Initialize(BookTicket_Test.java:17)
at com.automation.tests.seleniumTests.BookTicket_Test.Initialize(BookTicket_Test.java:17)
at com.automation.tests.seleniumTests.BookTicket_Test.Initialize(BookTicket_Test.java:17)
at com.automation.tests.seleniumTests.BookTicket_Test.Initialize(BookTicket_Test.java:17)
at com.automation.tests.seleniumTests.BookTicket_Test.Initialize(BookTicket_Test.java:17)
at com.automation.tests.seleniumTests.BookTicket_Test.Initialize(BookTicket_Test.java:17)
at com.automation.tests.seleniumTests.BookTicket_Test.Initialize(BookTicket_Test.java:17)
at com.automation.tests.seleniumTests.BookTicket_Test.Initialize(BookTicket_Test.java:17)
at com.automation.tests.seleniumTests.BookTicket_Test.Initialize(BookTicket_Test.java:17)
at com.automation.tests.seleniumTests.BookTicket_Test.Initialize(BookTicket_Test.java:17)
at com.automation.tests.seleniumTests.BookTicket_Test.Initialize(BookTicket_Test.java:17)
at com.automation.tests.seleniumTests.BookTicket_Test.Initialize(BookTicket_Test.java:17)
at com.automation.tests.seleniumTests.BookTicket_Test.Initialize(BookTicket_Test.java:17)
at com.automation.tests.seleniumTests.BookTicket_Test.Initialize(BookTicket_Test.java:17)
at com.automation.tests.seleniumTests.BookTicket_Test.Initialize(BookTicket_Test.java:17)
at com.automation.tests.seleniumTests.BookTicket_Test.Initialize(BookTicket_Test.java:17)
at com.automation.tests.seleniumTests.BookTicket_Test.Initialize(BookTicket_Test.java:17)
at com.automation.tests.seleniumTests.BookTicket_Test.Initialize(BookTicket_Test.java:17)
at com.automation.tests.seleniumTests.BookTicket_Test.Initialize(BookTicket_Test.java:17)
at com.automation.tests.seleniumTests.BookTicket_Test.Initialize(BookTicket_Test.java:17)
at com.automation.tests.seleniumTests.BookTicket_Test.Initialize(BookTicket_Test.java:17)
at com.automation.tests.seleniumTests.BookTicket_Test.Initialize(BookTicket_Test.java:17)
at com.automation.tests.seleniumTests.BookTicket_Test.Initialize(BookTicket_Test.java:17)
at com.automation.tests.seleniumTests.BookTicket_Test.Initialize(BookTicket_Test.java:17)
at com.automation.tests.seleniumTests.BookTicket_Test.Initialize(BookTicket_Test.java:17)
at com.automation.tests.seleniumTests.BookTicket_Test.Initialize(BookTicket_Test.java:17)
at com.automation.tests.seleniumTests.BookTicket_Test.Initialize(BookTicket_Test.java:17)
at com.automation.tests.seleniumTests.BookTicket_Test.Initialize(BookTicket_Test.java:17)
at com.automation.tests.seleniumTests.BookTicket_Test.Initialize(BookTicket_Test.java:17)
at com.automation.tests.seleniumTests.BookTicket_Test.Initialize(BookTicket_Test.java:17)
at com.automation.tests.seleniumTests.BookTicket_Test.Initialize(BookTicket_Test.java:17)
at com.automation.tests.seleniumTests.BookTicket_Test.Initialize(BookTicket_Test.java:17)
at com.automation.tests.seleniumTests.BookTicket_Test.Initialize(BookTicket_Test.java:17)
at com.automation.tests.seleniumTests.BookTicket_Test.Initialize(BookTicket_Test.java:17)
at com.automation.tests.seleniumTests.BookTicket_Test.Initialize(BookTicket_Test.java:17)
at com.automation.tests.seleniumTests.BookTicket_Test.Initialize(BookTicket_Test.java:17)
at com.automation.tests.seleniumTests.BookTicket_Test.Initialize(BookTicket_Test.java:17)
at com.automation.tests.seleniumTests.BookTicket_Test.Initialize(BookTicket_Test.java:17)
at com.automation.tests.seleniumTests.BookTicket_Test.Initialize(BookTicket_Test.java:17)
at com.automation.tests.seleniumTests.BookTicket_Test.Initialize(BookTicket_Test.java:17)
at com.automation.tests.seleniumTests.BookTicket_Test.Initialize(BookTicket_Test.java:17)
at com.automation.tests.seleniumTests.BookTicket_Test.Initialize(BookTicket_Test.java:17)
at com.automation.tests.seleniumTests.BookTicket_Test.Initialize(BookTicket_Test.java:17)
at com.automation.tests.seleniumTests.BookTicket_Test.Initialize(BookTicket_Test.java:17)
at com.automation.tests.seleniumTests.BookTicket_Test.Initialize(BookTicket_Test.java:17)
at com.automation.tests.seleniumTests.BookTicket_Test.Initialize(BookTicket_Test.java:17)
at com.automation.tests.seleniumTests.BookTicket_Test.Initialize(BookTicket_Test.java:17)
at com.automation.tests.seleniumTests.BookTicket_Test.Initialize(BookTicket_Test.java:17)
at com.automation.tests.seleniumTests.BookTicket_Test.Initialize(BookTicket_Test.java:17)
at com.automation.tests.seleniumTests.BookTicket_Test.Initialize(BookTicket_Test.java:17)
at com.automation.tests.seleniumTests.BookTicket_Test.Initialize(BookTicket_Test.java:17)
at com.automation.tests.seleniumTests.BookTicket_Test.Initialize(BookTicket_Test.java:17)
at com.automation.tests.seleniumTests.BookTicket_Test.Initialize(BookTicket_Test.java:17)
at com.automation.tests.seleniumTests.BookTicket_Test.Initialize(BookTicket_Test.java:17)
at com.automation.tests.seleniumTests.BookTicket_Test.Initialize(BookTicket_Test.java:17)
at com.automation.tests.seleniumTests.BookTicket_Test.Initialize(BookTicket_Test.java:17)
at com.automation.tests.seleniumTests.BookTicket_Test.Initialize(BookTicket_Test.java:17)
at com.automation.tests.seleniumTests.BookTicket_Test.Initialize(BookTicket_Test.java:17)
at com.automation.tests.seleniumTests.BookTicket_Test.Initialize(BookTicket_Test.java:17)
at com.automation.tests.seleniumTests.BookTicket_Test.Initialize(BookTicket_Test.java:17)
at com.automation.tests.seleniumTests.BookTicket_Test.Initialize(BookTicket_Test.java:17)
at com.automation.tests.seleniumTests.BookTicket_Test.Initialize(BookTicket_Test.java:17)
at com.automation.tests.seleniumTests.BookTicket_Test.Initialize(BookTicket_Test.java:17)
at com.automation.tests.seleniumTests.BookTicket_Test.Initialize(BookTicket_Test.java:17)
at com.automation.tests.seleniumTests.BookTicket_Test.Initialize(BookTicket_Test.java:17)
at com.automation.tests.seleniumTests.BookTicket_Test.Initialize(BookTicket_Test.java:17)
at com.automation.tests.seleniumTests.BookTicket_Test.Initialize(BookTicket_Test.java:17)
at com.automation.tests.seleniumTests.BookTicket_Test.Initialize(BookTicket_Test.java:17)
at com.automation.tests.seleniumTests.BookTicket_Test.Initialize(BookTicket_Test.java:17)
at com.automation.tests.seleniumTests.BookTicket_Test.Initialize(BookTicket_Test.java:17)
at com.automation.tests.seleniumTests.BookTicket_Test.Initialize(BookTicket_Test.java:17)
at com.automation.tests.seleniumTests.BookTicket_Test.Initialize(BookTicket_Test.java:17)
at com.automation.tests.seleniumTests.BookTicket_Test.Initialize(BookTicket_Test.java:17)
at com.automation.tests.seleniumTests.BookTicket_Test.Initialize(BookTicket_Test.java:17)
at com.automation.tests.seleniumTests.BookTicket_Test.Initialize(BookTicket_Test.java:17)
at com.automation.tests.seleniumTests.BookTicket_Test.Initialize(BookTicket_Test.java:17)
at com.automation.tests.seleniumTests.BookTicket_Test.Initialize(BookTicket_Test.java:17)
at com.automation.tests.seleniumTests.BookTicket_Test.Initialize(BookTicket_Test.java:17)
at com.automation.tests.seleniumTests.BookTicket_Test.Initialize(BookTicket_Test.java:17)
at com.automation.tests.seleniumTests.BookTicket_Test.Initialize(BookTicket_Test.java:17)
at com.automation.tests.seleniumTests.BookTicket_Test.Initialize(BookTicket_Test.java:17)
at com.automation.tests.seleniumTests.BookTicket_Test.Initialize(BookTicket_Test.java:17)
at com.automation.tests.seleniumTests.BookTicket_Test.Initialize(BookTicket_Test.java:17)
at com.automation.tests.seleniumTests.BookTicket_Test.Initialize(BookTicket_Test.java:17)
at com.automation.tests.seleniumTests.BookTicket_Test.Initialize(BookTicket_Test.java:17)
at com.automation.tests.seleniumTests.BookTicket_Test.Initialize(BookTicket_Test.java:17)
at com.automation.tests.seleniumTests.BookTicket_Test.Initialize(BookTicket_Test.java:17)
at com.automation.tests.seleniumTests.BookTicket_Test.Initialize(BookTicket_Test.java:17)
at com.automation.tests.seleniumTests.BookTicket_Test.Initialize(BookTicket_Test.java:17)
at com.automation.tests.seleniumTests.BookTicket_Test.Initialize(BookTicket_Test.java:17)
at com.automation.tests.seleniumTests.BookTicket_Test.Initialize(BookTicket_Test.java:17)
at com.automation.tests.seleniumTests.BookTicket_Test.Initialize(BookTicket_Test.java:17)
at com.automation.tests.seleniumTests.BookTicket_Test.Initialize(BookTicket_Test.java:17)
at com.automation.tests.seleniumTests.BookTicket_Test.Initialize(BookTicket_Test.java:17)
at com.automation.tests.seleniumTests.BookTicket_Test.Initialize(BookTicket_Test.java:17)
at com.automation.tests.seleniumTests.BookTicket_Test.Initialize(BookTicket_Test.java:17)
at com.automation.tests.seleniumTests.BookTicket_Test.Initialize(BookTicket_Test.java:17)
at com.automation.tests.seleniumTests.BookTicket_Test.Initialize(BookTicket_Test.java:17)
at com.automation.tests.seleniumTests.BookTicket_Test.Initialize(BookTicket_Test.java:17)
at com.automation.tests.seleniumTests.BookTicket_Test.Initialize(BookTicket_Test.java:17)
at com.automation.tests.seleniumTests.BookTicket_Test.Initialize(BookTicket_Test.java:17)
at com.automation.tests.seleniumTests.BookTicket_Test.Initialize(BookTicket_Test.java:17)
at com.automation.tests.seleniumTests.BookTicket_Test.Initialize(BookTicket_Test.java:17)
at com.automation.tests.seleniumTests.BookTicket_Test.Initialize(BookTicket_Test.java:17)
at com.automation.tests.seleniumTests.BookTicket_Test.Initialize(BookTicket_Test.java:17)
at com.automation.tests.seleniumTests.BookTicket_Test.Initialize(BookTicket_Test.java:17)
at com.automation.tests.seleniumTests.BookTicket_Test.Initialize(BookTicket_Test.java:17)
at com.automation.tests.seleniumTests.BookTicket_Test.Initialize(BookTicket_Test.java:17)
at com.automation.tests.seleniumTests.BookTicket_Test.Initialize(BookTicket_Test.java:17)
at com.automation.tests.seleniumTests.BookTicket_Test.Initialize(BookTicket_Test.java:17)
at com.automation.tests.seleniumTests.BookTicket_Test.Initialize(BookTicket_Test.java:17)
at com.automation.tests.seleniumTests.BookTicket_Test.Initialize(BookTicket_Test.java:17)
at com.automation.tests.seleniumTests.BookTicket_Test.Initialize(BookTicket_Test.java:17)
at com.automation.tests.seleniumTests.BookTicket_Test.Initialize(BookTicket_Test.java:17)
at com.automation.tests.seleniumTests.BookTicket_Test.Initialize(BookTicket_Test.java:17)
at com.automation.tests.seleniumTests.BookTicket_Test.Initialize(BookTicket_Test.java:17)
at com.automation.tests.seleniumTests.BookTicket_Test.Initialize(BookTicket_Test.java:17)
at com.automation.tests.seleniumTests.BookTicket_Test.Initialize(BookTicket_Test.java:17)
at com.automation.tests.seleniumTests.BookTicket_Test.Initialize(BookTicket_Test.java:17)
at com.automation.tests.seleniumTests.BookTicket_Test.Initialize(BookTicket_Test.java:17)
at com.automation.tests.seleniumTests.BookTicket_Test.Initialize(BookTicket_Test.java:17)
at com.automation.tests.seleniumTests.BookTicket_Test.Initialize(BookTicket_Test.java:17)
at com.automation.tests.seleniumTests.BookTicket_Test.Initialize(BookTicket_Test.java:17)
at com.automation.tests.seleniumTests.BookTicket_Test.Initialize(BookTicket_Test.java:17)
at com.automation.tests.seleniumTests.BookTicket_Test.Initialize(BookTicket_Test.java:17)
at com.automation.tests.seleniumTests.BookTicket_Test.Initialize(BookTicket_Test.java:17)
at com.automation.tests.seleniumTests.BookTicket_Test.Initialize(BookTicket_Test.java:17)
at com.automation.tests.seleniumTests.BookTicket_Test.Initialize(BookTicket_Test.java:17)
at com.automation.tests.seleniumTests.BookTicket_Test.Initialize(BookTicket_Test.java:17)
at com.automation.tests.seleniumTests.BookTicket_Test.Initialize(BookTicket_Test.java:17)
at com.automation.tests.seleniumTests.BookTicket_Test.Initialize(BookTicket_Test.java:17)
at com.automation.tests.seleniumTests.BookTicket_Test.Initialize(BookTicket_Test.java:17)
at com.automation.tests.seleniumTests.BookTicket_Test.Initialize(BookTicket_Test.java:17)
at com.automation.tests.seleniumTests.BookTicket_Test.Initialize(BookTicket_Test.java:17)
at com.automation.tests.seleniumTests.BookTicket_Test.Initialize(BookTicket_Test.java:17)
at com.automation.tests.seleniumTests.BookTicket_Test.Initialize(BookTicket_Test.java:17)
at com.automation.tests.seleniumTests.BookTicket_Test.Initialize(BookTicket_Test.java:17)
at com.automation.tests.seleniumTests.BookTicket_Test.Initialize(BookTicket_Test.java:17)
at com.automation.tests.seleniumTests.BookTicket_Test.Initialize(BookTicket_Test.java:17)
at com.automation.tests.seleniumTests.BookTicket_Test.Initialize(BookTicket_Test.java:17)
at com.automation.tests.seleniumTests.BookTicket_Test.Initialize(BookTicket_Test.java:17)
at com.automation.tests.seleniumTests.BookTicket_Test.Initialize(BookTicket_Test.java:17)
at com.automation.tests.seleniumTests.BookTicket_Test.Initialize(BookTicket_Test.java:17)
at com.automation.tests.seleniumTests.BookTicket_Test.Initialize(BookTicket_Test.java:17)
at com.automation.tests.seleniumTests.BookTicket_Test.Initialize(BookTicket_Test.java:17)
at com.automation.tests.seleniumTests.BookTicket_Test.Initialize(BookTicket_Test.java:17)
at com.automation.tests.seleniumTests.BookTicket_Test.Initialize(BookTicket_Test.java:17)
at com.automation.tests.seleniumTests.BookTicket_Test.Initialize(BookTicket_Test.java:17)
at com.automation.tests.seleniumTests.BookTicket_Test.Initialize(BookTicket_Test.java:17)
at com.automation.tests.seleniumTests.BookTicket_Test.Initialize(BookTicket_Test.java:17)
at com.automation.tests.seleniumTests.BookTicket_Test.Initialize(BookTicket_Test.java:17)
at com.automation.tests.seleniumTests.BookTicket_Test.Initialize(BookTicket_Test.java:17)
at com.automation.tests.seleniumTests.BookTicket_Test.Initialize(BookTicket_Test.java:17)
at com.automation.tests.seleniumTests.BookTicket_Test.Initialize(BookTicket_Test.java:17)
at com.automation.tests.seleniumTests.BookTicket_Test.Initialize(BookTicket_Test.java:17)
at com.automation.tests.seleniumTests.BookTicket_Test.Initialize(BookTicket_Test.java:17)
at com.automation.tests.seleniumTests.BookTicket_Test.Initialize(BookTicket_Test.java:17)
at com.automation.tests.seleniumTests.BookTicket_Test.Initialize(BookTicket_Test.java:17)
at com.automation.tests.seleniumTests.BookTicket_Test.Initialize(BookTicket_Test.java:17)
at com.automation.tests.seleniumTests.BookTicket_Test.Initialize(BookTicket_Test.java:17)
at com.automation.tests.seleniumTests.BookTicket_Test.Initialize(BookTicket_Test.java:17)
at com.automation.tests.seleniumTests.BookTicket_Test.Initialize(BookTicket_Test.java:17)
at com.automation.tests.seleniumTests.BookTicket_Test.Initialize(BookTicket_Test.java:17)
at com.automation.tests.seleniumTests.BookTicket_Test.Initialize(BookTicket_Test.java:17)
at com.automation.tests.seleniumTests.BookTicket_Test.Initialize(BookTicket_Test.java:17)
at com.automation.tests.seleniumTests.BookTicket_Test.Initialize(BookTicket_Test.java:17)
at com.automation.tests.seleniumTests.BookTicket_Test.Initialize(BookTicket_Test.java:17)
at com.automation.tests.seleniumTests.BookTicket_Test.Initialize(BookTicket_Test.java:17)
at com.automation.tests.seleniumTests.BookTicket_Test.Initialize(BookTicket_Test.java:17)
at com.automation.tests.seleniumTests.BookTicket_Test.Initialize(BookTicket_Test.java:17)
at com.automation.tests.seleniumTests.BookTicket_Test.Initialize(BookTicket_Test.java:17)
at com.automation.tests.seleniumTests.BookTicket_Test.Initialize(BookTicket_Test.java:17)
at com.automation.tests.seleniumTests.BookTicket_Test.Initialize(BookTicket_Test.java:17)
at com.automation.tests.seleniumTests.BookTicket_Test.Initialize(BookTicket_Test.java:17)
at com.automation.tests.seleniumTests.BookTicket_Test.Initialize(BookTicket_Test.java:17)
at com.automation.tests.seleniumTests.BookTicket_Test.Initialize(BookTicket_Test.java:17)
at com.automation.tests.seleniumTests.BookTicket_Test.Initialize(BookTicket_Test.java:17)
at com.automation.tests.seleniumTests.BookTicket_Test.Initialize(BookTicket_Test.java:17)
at com.automation.tests.seleniumTests.BookTicket_Test.Initialize(BookTicket_Test.java:17)
at com.automation.tests.seleniumTests.BookTicket_Test.Initialize(BookTicket_Test.java:17)
at com.automation.tests.seleniumTests.BookTicket_Test.Initialize(BookTicket_Test.java:17)
at com.automation.tests.seleniumTests.BookTicket_Test.Initialize(BookTicket_Test.java:17)
at com.automation.tests.seleniumTests.BookTicket_Test.Initialize(BookTicket_Test.java:17)
at com.automation.tests.seleniumTests.BookTicket_Test.Initialize(BookTicket_Test.java:17)
at com.automation.tests.seleniumTests.BookTicket_Test.Initialize(BookTicket_Test.java:17)
at com.automation.tests.seleniumTests.BookTicket_Test.Initialize(BookTicket_Test.java:17)
at com.automation.tests.seleniumTests.BookTicket_Test.Initialize(BookTicket_Test.java:17)
at com.automation.tests.seleniumTests.BookTicket_Test.Initialize(BookTicket_Test.java:17)
at com.automation.tests.seleniumTests.BookTicket_Test.Initialize(BookTicket_Test.java:17)
at com.automation.tests.seleniumTests.BookTicket_Test.Initialize(BookTicket_Test.java:17)
at com.automation.tests.seleniumTests.BookTicket_Test.Initialize(BookTicket_Test.java:17)
at com.automation.tests.seleniumTests.BookTicket_Test.Initialize(BookTicket_Test.java:17)
at com.automation.tests.seleniumTests.BookTicket_Test.Initialize(BookTicket_Test.java:17)
at com.automation.tests.seleniumTests.BookTicket_Test.Initialize(BookTicket_Test.java:17)
at com.automation.tests.seleniumTests.BookTicket_Test.Initialize(BookTicket_Test.java:17)
at com.automation.tests.seleniumTests.BookTicket_Test.Initialize(BookTicket_Test.java:17)
at com.automation.tests.seleniumTests.BookTicket_Test.Initialize(BookTicket_Test.java:17)
at com.automation.tests.seleniumTests.BookTicket_Test.Initialize(BookTicket_Test.java:17)
at com.automation.tests.seleniumTests.BookTicket_Test.Initialize(BookTicket_Test.java:17)
at com.automation.tests.seleniumTests.BookTicket_Test.Initialize(BookTicket_Test.java:17)
at com.automation.tests.seleniumTests.BookTicket_Test.Initialize(BookTicket_Test.java:17)
at com.automation.tests.seleniumTests.BookTicket_Test.Initialize(BookTicket_Test.java:17)
at com.automation.tests.seleniumTests.BookTicket_Test.Initialize(BookTicket_Test.java:17)
at com.automation.tests.seleniumTests.BookTicket_Test.Initialize(BookTicket_Test.java:17)
at com.automation.tests.seleniumTests.BookTicket_Test.Initialize(BookTicket_Test.java:17)
at com.automation.tests.seleniumTests.BookTicket_Test.Initialize(BookTicket_Test.java:17)
at com.automation.tests.seleniumTests.BookTicket_Test.Initialize(BookTicket_Test.java:17)
at com.automation.tests.seleniumTests.BookTicket_Test.Initialize(BookTicket_Test.java:17)
at com.automation.tests.seleniumTests.BookTicket_Test.Initialize(BookTicket_Test.java:17)
at com.automation.tests.seleniumTests.BookTicket_Test.Initialize(BookTicket_Test.java:17)
at com.automation.tests.seleniumTests.BookTicket_Test.Initialize(BookTicket_Test.java:17)
at com.automation.tests.seleniumTests.BookTicket_Test.Initialize(BookTicket_Test.java:17)
at com.automation.tests.seleniumTests.BookTicket_Test.Initialize(BookTicket_Test.java:17)
at com.automation.tests.seleniumTests.BookTicket_Test.Initialize(BookTicket_Test.java:17)
at com.automation.tests.seleniumTests.BookTicket_Test.Initialize(BookTicket_Test.java:17)
at com.automation.tests.seleniumTests.BookTicket_Test.Initialize(BookTicket_Test.java:17)
at com.automation.tests.seleniumTests.BookTicket_Test.Initialize(BookTicket_Test.java:17)
at com.automation.tests.seleniumTests.BookTicket_Test.Initialize(BookTicket_Test.java:17)
at com.automation.tests.seleniumTests.BookTicket_Test.Initialize(BookTicket_Test.java:17)
at com.automation.tests.seleniumTests.BookTicket_Test.Initialize(BookTicket_Test.java:17)
at com.automation.tests.seleniumTests.BookTicket_Test.Initialize(BookTicket_Test.java:17)
at com.automation.tests.seleniumTests.BookTicket_Test.Initialize(BookTicket_Test.java:17)
at com.automation.tests.seleniumTests.BookTicket_Test.Initialize(BookTicket_Test.java:17)
at com.automation.tests.seleniumTests.BookTicket_Test.Initialize(BookTicket_Test.java:17)
at com.automation.tests.seleniumTests.BookTicket_Test.Initialize(BookTicket_Test.java:17)
at com.automation.tests.seleniumTests.BookTicket_Test.Initialize(BookTicket_Test.java:17)
at com.automation.tests.seleniumTests.BookTicket_Test.Initialize(BookTicket_Test.java:17)
at com.automation.tests.seleniumTests.BookTicket_Test.Initialize(BookTicket_Test.java:17)
at com.automation.tests.seleniumTests.BookTicket_Test.Initialize(BookTicket_Test.java:17)
at com.automation.tests.seleniumTests.BookTicket_Test.Initialize(BookTicket_Test.java:17)
at com.automation.tests.seleniumTests.BookTicket_Test.Initialize(BookTicket_Test.java:17)
at com.automation.tests.seleniumTests.BookTicket_Test.Initialize(BookTicket_Test.java:17)
at com.automation.tests.seleniumTests.BookTicket_Test.Initialize(BookTicket_Test.java:17)
at com.automation.tests.seleniumTests.BookTicket_Test.Initialize(BookTicket_Test.java:17)
at com.automation.tests.seleniumTests.BookTicket_Test.Initialize(BookTicket_Test.java:17)
at com.automation.tests.seleniumTests.BookTicket_Test.Initialize(BookTicket_Test.java:17)
at com.automation.tests.seleniumTests.BookTicket_Test.Initialize(BookTicket_Test.java:17)
at com.automation.tests.seleniumTests.BookTicket_Test.Initialize(BookTicket_Test.java:17)
at com.automation.tests.seleniumTests.BookTicket_Test.Initialize(BookTicket_Test.java:17)
at com.automation.tests.seleniumTests.BookTicket_Test.Initialize(BookTicket_Test.java:17)
at com.automation.tests.seleniumTests.BookTicket_Test.Initialize(BookTicket_Test.java:17)
at com.automation.tests.seleniumTests.BookTicket_Test.Initialize(BookTicket_Test.java:17)
at com.automation.tests.seleniumTests.BookTicket_Test.Initialize(BookTicket_Test.java:17)
at com.automation.tests.seleniumTests.BookTicket_Test.Initialize(BookTicket_Test.java:17)
at com.automation.tests.seleniumTests.BookTicket_Test.Initialize(BookTicket_Test.java:17)
at com.automation.tests.seleniumTests.BookTicket_Test.Initialize(BookTicket_Test.java:17)
at com.automation.tests.seleniumTests.BookTicket_Test.Initialize(BookTicket_Test.java:17)
at com.automation.tests.seleniumTests.BookTicket_Test.Initialize(BookTicket_Test.java:17)
at com.automation.tests.seleniumTests.BookTicket_Test.Initialize(BookTicket_Test.java:17)
at com.automation.tests.seleniumTests.BookTicket_Test.Initialize(BookTicket_Test.java:17)
at com.automation.tests.seleniumTests.BookTicket_Test.Initialize(BookTicket_Test.java:17)
at com.automation.tests.seleniumTests.BookTicket_Test.Initialize(BookTicket_Test.java:17)
at com.automation.tests.seleniumTests.BookTicket_Test.Initialize(BookTicket_Test.java:17)
at com.automation.tests.seleniumTests.BookTicket_Test.Initialize(BookTicket_Test.java:17)
at com.automation.tests.seleniumTests.BookTicket_Test.Initialize(BookTicket_Test.java:17)
at com.automation.tests.seleniumTests.BookTicket_Test.Initialize(BookTicket_Test.java:17)
at com.automation.tests.seleniumTests.BookTicket_Test.Initialize(BookTicket_Test.java:17)
at com.automation.tests.seleniumTests.BookTicket_Test.Initialize(BookTicket_Test.java:17)
at com.automation.tests.seleniumTests.BookTicket_Test.Initialize(BookTicket_Test.java:17)
at com.automation.tests.seleniumTests.BookTicket_Test.Initialize(BookTicket_Test.java:17)
at com.automation.tests.seleniumTests.BookTicket_Test.Initialize(BookTicket_Test.java:17)
at com.automation.tests.seleniumTests.BookTicket_Test.Initialize(BookTicket_Test.java:17)
at com.automation.tests.seleniumTests.BookTicket_Test.Initialize(BookTicket_Test.java:17)
at com.automation.tests.seleniumTests.BookTicket_Test.Initialize(BookTicket_Test.java:17)
at com.automation.tests.seleniumTests.BookTicket_Test.Initialize(BookTicket_Test.java:17)
at com.automation.tests.seleniumTests.BookTicket_Test.Initialize(BookTicket_Test.java:17)
at com.automation.tests.seleniumTests.BookTicket_Test.Initialize(BookTicket_Test.java:17)
at com.automation.tests.seleniumTests.BookTicket_Test.Initialize(BookTicket_Test.java:17)
at com.automation.tests.seleniumTests.BookTicket_Test.Initialize(BookTicket_Test.java:17)
at com.automation.tests.seleniumTests.BookTicket_Test.Initialize(BookTicket_Test.java:17)
at com.automation.tests.seleniumTests.BookTicket_Test.Initialize(BookTicket_Test.java:17)
at com.automation.tests.seleniumTests.BookTicket_Test.Initialize(BookTicket_Test.java:17)
at com.automation.tests.seleniumTests.BookTicket_Test.Initialize(BookTicket_Test.java:17)
at com.automation.tests.seleniumTests.BookTicket_Test.Initialize(BookTicket_Test.java:17)
at com.automation.tests.seleniumTests.BookTicket_Test.Initialize(BookTicket_Test.java:17)
at com.automation.tests.seleniumTests.BookTicket_Test.Initialize(BookTicket_Test.java:17)
at com.automation.tests.seleniumTests.BookTicket_Test.Initialize(BookTicket_Test.java:17)
at com.automation.tests.seleniumTests.BookTicket_Test.Initialize(BookTicket_Test.java:17)
at com.automation.tests.seleniumTests.BookTicket_Test.Initialize(BookTicket_Test.java:17)
at com.automation.tests.seleniumTests.BookTicket_Test.Initialize(BookTicket_Test.java:17)
at com.automation.tests.seleniumTests.BookTicket_Test.Initialize(BookTicket_Test.java:17)
at com.automation.tests.seleniumTests.BookTicket_Test.Initialize(BookTicket_Test.java:17)
at com.automation.tests.seleniumTests.BookTicket_Test.Initialize(BookTicket_Test.java:17)
at com.automation.tests.seleniumTests.BookTicket_Test.Initialize(BookTicket_Test.java:17)
at com.automation.tests.seleniumTests.BookTicket_Test.Initialize(BookTicket_Test.java:17)
at com.automation.tests.seleniumTests.BookTicket_Test.Initialize(BookTicket_Test.java:17)
at com.automation.tests.seleniumTests.BookTicket_Test.Initialize(BookTicket_Test.java:17)
at com.automation.tests.seleniumTests.BookTicket_Test.Initialize(BookTicket_Test.java:17)
at com.automation.tests.seleniumTests.BookTicket_Test.Initialize(BookTicket_Test.java:17)
at com.automation.tests.seleniumTests.BookTicket_Test.Initialize(BookTicket_Test.java:17)
at com.automation.tests.seleniumTests.BookTicket_Test.Initialize(BookTicket_Test.java:17)
at com.automation.tests.seleniumTests.BookTicket_Test.Initialize(BookTicket_Test.java:17)
at com.automation.tests.seleniumTests.BookTicket_Test.Initialize(BookTicket_Test.java:17)
at com.automation.tests.seleniumTests.BookTicket_Test.Initialize(BookTicket_Test.java:17)
at com.automation.tests.seleniumTests.BookTicket_Test.Initialize(BookTicket_Test.java:17)
at com.automation.tests.seleniumTests.BookTicket_Test.Initialize(BookTicket_Test.java:17)
at com.automation.tests.seleniumTests.BookTicket_Test.Initialize(BookTicket_Test.java:17)
at com.automation.tests.seleniumTests.BookTicket_Test.Initialize(BookTicket_Test.java:17)
at com.automation.tests.seleniumTests.BookTicket_Test.Initialize(BookTicket_Test.java:17)
at com.automation.tests.seleniumTests.BookTicket_Test.Initialize(BookTicket_Test.java:17)
at com.automation.tests.seleniumTests.BookTicket_Test.Initialize(BookTicket_Test.java:17)
at com.automation.tests.seleniumTests.BookTicket_Test.Initialize(BookTicket_Test.java:17)
at com.automation.tests.seleniumTests.BookTicket_Test.Initialize(BookTicket_Test.java:17)
at com.automation.tests.seleniumTests.BookTicket_Test.Initialize(BookTicket_Test.java:17)
at com.automation.tests.seleniumTests.BookTicket_Test.Initialize(BookTicket_Test.java:17)
at com.automation.tests.seleniumTests.BookTicket_Test.Initialize(BookTicket_Test.java:17)
at com.automation.tests.seleniumTests.BookTicket_Test.Initialize(BookTicket_Test.java:17)
at com.automation.tests.seleniumTests.BookTicket_Test.Initialize(BookTicket_Test.java:17)
at com.automation.tests.seleniumTests.BookTicket_Test.Initialize(BookTicket_Test.java:17)
at com.automation.tests.seleniumTests.BookTicket_Test.Initialize(BookTicket_Test.java:17)
at com.automation.tests.seleniumTests.BookTicket_Test.Initialize(BookTicket_Test.java:17)
at com.automation.tests.seleniumTests.BookTicket_Test.Initialize(BookTicket_Test.java:17)
at com.automation.tests.seleniumTests.BookTicket_Test.Initialize(BookTicket_Test.java:17)
at com.automation.tests.seleniumTests.BookTicket_Test.Initialize(BookTicket_Test.java:17)
at com.automation.tests.seleniumTests.BookTicket_Test.Initialize(BookTicket_Test.java:17)
at com.automation.tests.seleniumTests.BookTicket_Test.Initialize(BookTicket_Test.java:17)
at com.automation.tests.seleniumTests.BookTicket_Test.Initialize(BookTicket_Test.java:17)
at com.automation.tests.seleniumTests.BookTicket_Test.Initialize(BookTicket_Test.java:17)
at com.automation.tests.seleniumTests.BookTicket_Test.Initialize(BookTicket_Test.java:17)
at com.automation.tests.seleniumTests.BookTicket_Test.Initialize(BookTicket_Test.java:17)
at com.automation.tests.seleniumTests.BookTicket_Test.Initialize(BookTicket_Test.java:17)
at com.automation.tests.seleniumTests.BookTicket_Test.Initialize(BookTicket_Test.java:17)
at com.automation.tests.seleniumTests.BookTicket_Test.Initialize(BookTicket_Test.java:17)
at com.automation.tests.seleniumTests.BookTicket_Test.Initialize(BookTicket_Test.java:17)
at com.automation.tests.seleniumTests.BookTicket_Test.Initialize(BookTicket_Test.java:17)
at com.automation.tests.seleniumTests.BookTicket_Test.Initialize(BookTicket_Test.java:17)
at com.automation.tests.seleniumTests.BookTicket_Test.Initialize(BookTicket_Test.java:17)
at com.automation.tests.seleniumTests.BookTicket_Test.Initialize(BookTicket_Test.java:17)
at com.automation.tests.seleniumTests.BookTicket_Test.Initialize(BookTicket_Test.java:17)
at com.automation.tests.seleniumTests.BookTicket_Test.Initialize(BookTicket_Test.java:17)
at com.automation.tests.seleniumTests.BookTicket_Test.Initialize(BookTicket_Test.java:17)
at com.automation.tests.seleniumTests.BookTicket_Test.Initialize(BookTicket_Test.java:17)
at com.automation.tests.seleniumTests.BookTicket_Test.Initialize(BookTicket_Test.java:17)
at com.automation.tests.seleniumTests.BookTicket_Test.Initialize(BookTicket_Test.java:17)
at com.automation.tests.seleniumTests.BookTicket_Test.Initialize(BookTicket_Test.java:17)
at com.automation.tests.seleniumTests.BookTicket_Test.Initialize(BookTicket_Test.java:17)
at com.automation.tests.seleniumTests.BookTicket_Test.Initialize(BookTicket_Test.java:17)
at com.automation.tests.seleniumTests.BookTicket_Test.Initialize(BookTicket_Test.java:17)
at com.automation.tests.seleniumTests.BookTicket_Test.Initialize(BookTicket_Test.java:17)
at com.automation.tests.seleniumTests.BookTicket_Test.Initialize(BookTicket_Test.java:17)
at com.automation.tests.seleniumTests.BookTicket_Test.Initialize(BookTicket_Test.java:17)
at com.automation.tests.seleniumTests.BookTicket_Test.Initialize(BookTicket_Test.java:17)
at com.automation.tests.seleniumTests.BookTicket_Test.Initialize(BookTicket_Test.java:17)
at com.automation.tests.seleniumTests.BookTicket_Test.Initialize(BookTicket_Test.java:17)
at com.automation.tests.seleniumTests.BookTicket_Test.Initialize(BookTicket_Test.java:17)
at com.automation.tests.seleniumTests.BookTicket_Test.Initialize(BookTicket_Test.java:17)
at com.automation.tests.seleniumTests.BookTicket_Test.Initialize(BookTicket_Test.java:17)
at com.automation.tests.seleniumTests.BookTicket_Test.Initialize(BookTicket_Test.java:17)
at com.automation.tests.seleniumTests.BookTicket_Test.Initialize(BookTicket_Test.java:17)
at com.automation.tests.seleniumTests.BookTicket_Test.Initialize(BookTicket_Test.java:17)
at com.automation.tests.seleniumTests.BookTicket_Test.Initialize(BookTicket_Test.java:17)
at com.automation.tests.seleniumTests.BookTicket_Test.Initialize(BookTicket_Test.java:17)
at com.automation.tests.seleniumTests.BookTicket_Test.Initialize(BookTicket_Test.java:17)
at com.automation.tests.seleniumTests.BookTicket_Test.Initialize(BookTicket_Test.java:17)
at com.automation.tests.seleniumTests.BookTicket_Test.Initialize(BookTicket_Test.java:17)
at com.automation.tests.seleniumTests.BookTicket_Test.Initialize(BookTicket_Test.java:17)
at com.automation.tests.seleniumTests.BookTicket_Test.Initialize(BookTicket_Test.java:17)
at com.automation.tests.seleniumTests.BookTicket_Test.Initialize(BookTicket_Test.java:17)
at com.automation.tests.seleniumTests.BookTicket_Test.Initialize(BookTicket_Test.java:17)
at com.automation.tests.seleniumTests.BookTicket_Test.Initialize(BookTicket_Test.java:17)
at com.automation.tests.seleniumTests.BookTicket_Test.Initialize(BookTicket_Test.java:17)
at com.automation.tests.seleniumTests.BookTicket_Test.Initialize(BookTicket_Test.java:17)
at com.automation.tests.seleniumTests.BookTicket_Test.Initialize(BookTicket_Test.java:17)
at com.automation.tests.seleniumTests.BookTicket_Test.Initialize(BookTicket_Test.java:17)
at com.automation.tests.seleniumTests.BookTicket_Test.Initialize(BookTicket_Test.java:17)
at com.automation.tests.seleniumTests.BookTicket_Test.Initialize(BookTicket_Test.java:17)
at com.automation.tests.seleniumTests.BookTicket_Test.Initialize(BookTicket_Test.java:17)
at com.automation.tests.seleniumTests.BookTicket_Test.Initialize(BookTicket_Test.java:17)
at com.automation.tests.seleniumTests.BookTicket_Test.Initialize(BookTicket_Test.java:17)
at com.automation.tests.seleniumTests.BookTicket_Test.Initialize(BookTicket_Test.java:17)
at com.automation.tests.seleniumTests.BookTicket_Test.Initialize(BookTicket_Test.java:17)
at com.automation.tests.seleniumTests.BookTicket_Test.Initialize(BookTicket_Test.java:17)
at com.automation.tests.seleniumTests.BookTicket_Test.Initialize(BookTicket_Test.java:17)
at com.automation.tests.seleniumTests.BookTicket_Test.Initialize(BookTicket_Test.java:17)
at com.automation.tests.seleniumTests.BookTicket_Test.Initialize(BookTicket_Test.java:17)
at com.automation.tests.seleniumTests.BookTicket_Test.Initialize(BookTicket_Test.java:17)
at com.automation.tests.seleniumTests.BookTicket_Test.Initialize(BookTicket_Test.java:17)
at com.automation.tests.seleniumTests.BookTicket_Test.Initialize(BookTicket_Test.java:17)
at com.automation.tests.seleniumTests.BookTicket_Test.Initialize(BookTicket_Test.java:17)
at com.automation.tests.seleniumTests.BookTicket_Test.Initialize(BookTicket_Test.java:17)
at com.automation.tests.seleniumTests.BookTicket_Test.Initialize(BookTicket_Test.java:17)
at com.automation.tests.seleniumTests.BookTicket_Test.Initialize(BookTicket_Test.java:17)
at com.automation.tests.seleniumTests.BookTicket_Test.Initialize(BookTicket_Test.java:17)
at com.automation.tests.seleniumTests.BookTicket_Test.Initialize(BookTicket_Test.java:17)
at com.automation.tests.seleniumTests.BookTicket_Test.Initialize(BookTicket_Test.java:17)
at com.automation.tests.seleniumTests.BookTicket_Test.Initialize(BookTicket_Test.java:17)
at com.automation.tests.seleniumTests.BookTicket_Test.Initialize(BookTicket_Test.java:17)
at com.automation.tests.seleniumTests.BookTicket_Test.Initialize(BookTicket_Test.java:17)
at com.automation.tests.seleniumTests.BookTicket_Test.Initialize(BookTicket_Test.java:17)
at com.automation.tests.seleniumTests.BookTicket_Test.Initialize(BookTicket_Test.java:17)
at com.automation.tests.seleniumTests.BookTicket_Test.Initialize(BookTicket_Test.java:17)
at com.automation.tests.seleniumTests.BookTicket_Test.Initialize(BookTicket_Test.java:17)
at com.automation.tests.seleniumTests.BookTicket_Test.Initialize(BookTicket_Test.java:17)
at com.automation.tests.seleniumTests.BookTicket_Test.Initialize(BookTicket_Test.java:17)
at com.automation.tests.seleniumTests.BookTicket_Test.Initialize(BookTicket_Test.java:17)
at com.automation.tests.seleniumTests.BookTicket_Test.Initialize(BookTicket_Test.java:17)
at com.automation.tests.seleniumTests.BookTicket_Test.Initialize(BookTicket_Test.java:17)
at com.automation.tests.seleniumTests.BookTicket_Test.Initialize(BookTicket_Test.java:17)
at com.automation.tests.seleniumTests.BookTicket_Test.Initialize(BookTicket_Test.java:17)
at com.automation.tests.seleniumTests.BookTicket_Test.Initialize(BookTicket_Test.java:17)
at com.automation.tests.seleniumTests.BookTicket_Test.Initialize(BookTicket_Test.java:17)
at com.automation.tests.seleniumTests.BookTicket_Test.Initialize(BookTicket_Test.java:17)
at com.automation.tests.seleniumTests.BookTicket_Test.Initialize(BookTicket_Test.java:17)
at com.automation.tests.seleniumTests.BookTicket_Test.Initialize(BookTicket_Test.java:17)
at com.automation.tests.seleniumTests.BookTicket_Test.Initialize(BookTicket_Test.java:17)
at com.automation.tests.seleniumTests.BookTicket_Test.Initialize(BookTicket_Test.java:17)
at com.automation.tests.seleniumTests.BookTicket_Test.Initialize(BookTicket_Test.java:17)
at com.automation.tests.seleniumTests.BookTicket_Test.Initialize(BookTicket_Test.java:17)
at com.automation.tests.seleniumTests.BookTicket_Test.Initialize(BookTicket_Test.java:17)
at com.automation.tests.seleniumTests.BookTicket_Test.Initialize(BookTicket_Test.java:17)
at com.automation.tests.seleniumTests.BookTicket_Test.Initialize(BookTicket_Test.java:17)
at com.automation.tests.seleniumTests.BookTicket_Test.Initialize(BookTicket_Test.java:17)
at com.automation.tests.seleniumTests.BookTicket_Test.Initialize(BookTicket_Test.java:17)
at com.automation.tests.seleniumTests.BookTicket_Test.Initialize(BookTicket_Test.java:17)
at com.automation.tests.seleniumTests.BookTicket_Test.Initialize(BookTicket_Test.java:17)
at com.automation.tests.seleniumTests.BookTicket_Test.Initialize(BookTicket_Test.java:17)
at com.automation.tests.seleniumTests.BookTicket_Test.Initialize(BookTicket_Test.java:17)
at com.automation.tests.seleniumTests.BookTicket_Test.Initialize(BookTicket_Test.java:17)
at com.automation.tests.seleniumTests.BookTicket_Test.Initialize(BookTicket_Test.java:17)
at com.automation.tests.seleniumTests.BookTicket_Test.Initialize(BookTicket_Test.java:17)
at com.automation.tests.seleniumTests.BookTicket_Test.Initialize(BookTicket_Test.java:17)
at com.automation.tests.seleniumTests.BookTicket_Test.Initialize(BookTicket_Test.java:17)
at com.automation.tests.seleniumTests.BookTicket_Test.Initialize(BookTicket_Test.java:17)
at com.automation.tests.seleniumTests.BookTicket_Test.Initialize(BookTicket_Test.java:17)
at com.automation.tests.seleniumTests.BookTicket_Test.Initialize(BookTicket_Test.java:17)
at com.automation.tests.seleniumTests.BookTicket_Test.Initialize(BookTicket_Test.java:17)
at com.automation.tests.seleniumTests.BookTicket_Test.Initialize(BookTicket_Test.java:17)
at com.automation.tests.seleniumTests.BookTicket_Test.Initialize(BookTicket_Test.java:17)
at com.automation.tests.seleniumTests.BookTicket_Test.Initialize(BookTicket_Test.java:17)
at com.automation.tests.seleniumTests.BookTicket_Test.Initialize(BookTicket_Test.java:17)
at com.automation.tests.seleniumTests.BookTicket_Test.Initialize(BookTicket_Test.java:17)
at com.automation.tests.seleniumTests.BookTicket_Test.Initialize(BookTicket_Test.java:17)
at com.automation.tests.seleniumTests.BookTicket_Test.Initialize(BookTicket_Test.java:17)
at com.automation.tests.seleniumTests.BookTicket_Test.Initialize(BookTicket_Test.java:17)
at com.automation.tests.seleniumTests.BookTicket_Test.Initialize(BookTicket_Test.java:17)
at com.automation.tests.seleniumTests.BookTicket_Test.Initialize(BookTicket_Test.java:17)
at com.automation.tests.seleniumTests.BookTicket_Test.Initialize(BookTicket_Test.java:17)
at com.automation.tests.seleniumTests.BookTicket_Test.Initialize(BookTicket_Test.java:17)
at com.automation.tests.seleniumTests.BookTicket_Test.Initialize(BookTicket_Test.java:17)
at com.automation.tests.seleniumTests.BookTicket_Test.Initialize(BookTicket_Test.java:17)
at com.automation.tests.seleniumTests.BookTicket_Test.Initialize(BookTicket_Test.java:17)
at com.automation.tests.seleniumTests.BookTicket_Test.Initialize(BookTicket_Test.java:17)
at com.automation.tests.seleniumTests.BookTicket_Test.Initialize(BookTicket_Test.java:17)
at com.automation.tests.seleniumTests.BookTicket_Test.Initialize(BookTicket_Test.java:17)
at com.automation.tests.seleniumTests.BookTicket_Test.Initialize(BookTicket_Test.java:17)
at com.automation.tests.seleniumTests.BookTicket_Test.Initialize(BookTicket_Test.java:17)
at com.automation.tests.seleniumTests.BookTicket_Test.Initialize(BookTicket_Test.java:17)
at com.automation.tests.seleniumTests.BookTicket_Test.Initialize(BookTicket_Test.java:17)
at com.automation.tests.seleniumTests.BookTicket_Test.Initialize(BookTicket_Test.java:17)
at com.automation.tests.seleniumTests.BookTicket_Test.Initialize(BookTicket_Test.java:17)
at com.automation.tests.seleniumTests.BookTicket_Test.Initialize(BookTicket_Test.java:17)
at com.automation.tests.seleniumTests.BookTicket_Test.Initialize(BookTicket_Test.java:17)
at com.automation.tests.seleniumTests.BookTicket_Test.Initialize(BookTicket_Test.java:17)
at com.automation.tests.seleniumTests.BookTicket_Test.Initialize(BookTicket_Test.java:17)
at com.automation.tests.seleniumTests.BookTicket_Test.Initialize(BookTicket_Test.java:17)
at com.automation.tests.seleniumTests.BookTicket_Test.Initialize(BookTicket_Test.java:17)
at com.automation.tests.seleniumTests.BookTicket_Test.Initialize(BookTicket_Test.java:17)
at com.automation.tests.seleniumTests.BookTicket_Test.Initialize(BookTicket_Test.java:17)
at com.automation.tests.seleniumTests.BookTicket_Test.Initialize(BookTicket_Test.java:17)
at com.automation.tests.seleniumTests.BookTicket_Test.Initialize(BookTicket_Test.java:17)
at com.automation.tests.seleniumTests.BookTicket_Test.Initialize(BookTicket_Test.java:17)
at com.automation.tests.seleniumTests.BookTicket_Test.Initialize(BookTicket_Test.java:17)
at com.automation.tests.seleniumTests.BookTicket_Test.Initialize(BookTicket_Test.java:17)
at com.automation.tests.seleniumTests.BookTicket_Test.Initialize(BookTicket_Test.java:17)
at com.automation.tests.seleniumTests.BookTicket_Test.Initialize(BookTicket_Test.java:17)
at com.automation.tests.seleniumTests.BookTicket_Test.Initialize(BookTicket_Test.java:17)
at com.automation.tests.seleniumTests.BookTicket_Test.Initialize(BookTicket_Test.java:17)
at com.automation.tests.seleniumTests.BookTicket_Test.Initialize(BookTicket_Test.java:17)
at com.automation.tests.seleniumTests.BookTicket_Test.Initialize(BookTicket_Test.java:17)
at com.automation.tests.seleniumTests.BookTicket_Test.Initialize(BookTicket_Test.java:17)
at com.automation.tests.seleniumTests.BookTicket_Test.Initialize(BookTicket_Test.java:17)
at com.automation.tests.seleniumTests.BookTicket_Test.Initialize(BookTicket_Test.java:17)
at com.automation.tests.seleniumTests.BookTicket_Test.Initialize(BookTicket_Test.java:17)
at com.automation.tests.seleniumTests.BookTicket_Test.Initialize(BookTicket_Test.java:17)
at com.automation.tests.seleniumTests.BookTicket_Test.Initialize(BookTicket_Test.java:17)
at com.automation.tests.seleniumTests.BookTicket_Test.Initialize(BookTicket_Test.java:17)
at com.automation.tests.seleniumTests.BookTicket_Test.Initialize(BookTicket_Test.java:17)
at com.automation.tests.seleniumTests.BookTicket_Test.Initialize(BookTicket_Test.java:17)
at com.automation.tests.seleniumTests.BookTicket_Test.Initialize(BookTicket_Test.java:17)
at com.automation.tests.seleniumTests.BookTicket_Test.Initialize(BookTicket_Test.java:17)
at com.automation.tests.seleniumTests.BookTicket_Test.Initialize(BookTicket_Test.java:17)
at com.automation.tests.seleniumTests.BookTicket_Test.Initialize(BookTicket_Test.java:17)
at com.automation.tests.seleniumTests.BookTicket_Test.Initialize(BookTicket_Test.java:17)
at com.automation.tests.seleniumTests.BookTicket_Test.Initialize(BookTicket_Test.java:17)
at com.automation.tests.seleniumTests.BookTicket_Test.Initialize(BookTicket_Test.java:17)
at com.automation.tests.seleniumTests.BookTicket_Test.Initialize(BookTicket_Test.java:17)
at com.automation.tests.seleniumTests.BookTicket_Test.Initialize(BookTicket_Test.java:17)
at com.automation.tests.seleniumTests.BookTicket_Test.Initialize(BookTicket_Test.java:17)
at com.automation.tests.seleniumTests.BookTicket_Test.Initialize(BookTicket_Test.java:17)
at com.automation.tests.seleniumTests.BookTicket_Test.Initialize(BookTicket_Test.java:17)
at com.automation.tests.seleniumTests.BookTicket_Test.Initialize(BookTicket_Test.java:17)
at com.automation.tests.seleniumTests.BookTicket_Test.Initialize(BookTicket_Test.java:17)
at com.automation.tests.seleniumTests.BookTicket_Test.Initialize(BookTicket_Test.java:17)
at com.automation.tests.seleniumTests.BookTicket_Test.Initialize(BookTicket_Test.java:17)
at com.automation.tests.seleniumTests.BookTicket_Test.Initialize(BookTicket_Test.java:17)
at com.automation.tests.seleniumTests.BookTicket_Test.Initialize(BookTicket_Test.java:17)
at com.automation.tests.seleniumTests.BookTicket_Test.Initialize(BookTicket_Test.java:17)
at com.automation.tests.seleniumTests.BookTicket_Test.Initialize(BookTicket_Test.java:17)
at com.automation.tests.seleniumTests.BookTicket_Test.Initialize(BookTicket_Test.java:17)
at com.automation.tests.seleniumTests.BookTicket_Test.Initialize(BookTicket_Test.java:17)
at com.automation.tests.seleniumTests.BookTicket_Test.Initialize(BookTicket_Test.java:17)
at com.automation.tests.seleniumTests.BookTicket_Test.Initialize(BookTicket_Test.java:17)
at com.automation.tests.seleniumTests.BookTicket_Test.Initialize(BookTicket_Test.java:17)
at com.automation.tests.seleniumTests.BookTicket_Test.Initialize(BookTicket_Test.java:17)
at com.automation.tests.seleniumTests.BookTicket_Test.Initialize(BookTicket_Test.java:17)
at com.automation.tests.seleniumTests.BookTicket_Test.Initialize(BookTicket_Test.java:17)
at com.automation.tests.seleniumTests.BookTicket_Test.Initialize(BookTicket_Test.java:17)
at com.automation.tests.seleniumTests.BookTicket_Test.Initialize(BookTicket_Test.java:17)
at com.automation.tests.seleniumTests.BookTicket_Test.Initialize(BookTicket_Test.java:17)
at com.automation.tests.seleniumTests.BookTicket_Test.Initialize(BookTicket_Test.java:17)
at com.automation.tests.seleniumTests.BookTicket_Test.Initialize(BookTicket_Test.java:17)
at com.automation.tests.seleniumTests.BookTicket_Test.Initialize(BookTicket_Test.java:17)
at com.automation.tests.seleniumTests.BookTicket_Test.Initialize(BookTicket_Test.java:17)
at com.automation.tests.seleniumTests.BookTicket_Test.Initialize(BookTicket_Test.java:17)
at com.automation.tests.seleniumTests.BookTicket_Test.Initialize(BookTicket_Test.java:17)
at com.automation.tests.seleniumTests.BookTicket_Test.Initialize(BookTicket_Test.java:17)
at com.automation.tests.seleniumTests.BookTicket_Test.Initialize(BookTicket_Test.java:17)
at com.automation.tests.seleniumTests.BookTicket_Test.Initialize(BookTicket_Test.java:17)
at com.automation.tests.seleniumTests.BookTicket_Test.Initialize(BookTicket_Test.java:17)
at com.automation.tests.seleniumTests.BookTicket_Test.Initialize(BookTicket_Test.java:17)
at com.automation.tests.seleniumTests.BookTicket_Test.Initialize(BookTicket_Test.java:17)
at com.automation.tests.seleniumTests.BookTicket_Test.Initialize(BookTicket_Test.java:17)
at com.automation.tests.seleniumTests.BookTicket_Test.Initialize(BookTicket_Test.java:17)
at com.automation.tests.seleniumTests.BookTicket_Test.Initialize(BookTicket_Test.java:17)
at com.automation.tests.seleniumTests.BookTicket_Test.Initialize(BookTicket_Test.java:17)
at com.automation.tests.seleniumTests.BookTicket_Test.Initialize(BookTicket_Test.java:17)
at com.automation.tests.seleniumTests.BookTicket_Test.Initialize(BookTicket_Test.java:17)
at com.automation.tests.seleniumTests.BookTicket_Test.Initialize(BookTicket_Test.java:17)
at com.automation.tests.seleniumTests.BookTicket_Test.Initialize(BookTicket_Test.java:17)
at com.automation.tests.seleniumTests.BookTicket_Test.Initialize(BookTicket_Test.java:17)
at com.automation.tests.seleniumTests.BookTicket_Test.Initialize(BookTicket_Test.java:17)
at com.automation.tests.seleniumTests.BookTicket_Test.Initialize(BookTicket_Test.java:17)
at com.automation.tests.seleniumTests.BookTicket_Test.Initialize(BookTicket_Test.java:17)
at com.automation.tests.seleniumTests.BookTicket_Test.Initialize(BookTicket_Test.java:17)
at com.automation.tests.seleniumTests.BookTicket_Test.Initialize(BookTicket_Test.java:17)
at com.automation.tests.seleniumTests.BookTicket_Test.Initialize(BookTicket_Test.java:17)
at com.automation.tests.seleniumTests.BookTicket_Test.Initialize(BookTicket_Test.java:17)
at com.automation.tests.seleniumTests.BookTicket_Test.Initialize(BookTicket_Test.java:17)
at com.automation.tests.seleniumTests.BookTicket_Test.Initialize(BookTicket_Test.java:17)
at com.automation.tests.seleniumTests.BookTicket_Test.Initialize(BookTicket_Test.java:17)
at com.automation.tests.seleniumTests.BookTicket_Test.Initialize(BookTicket_Test.java:17)
at com.automation.tests.seleniumTests.BookTicket_Test.Initialize(BookTicket_Test.java:17)
at com.automation.tests.seleniumTests.BookTicket_Test.Initialize(BookTicket_Test.java:17)
at com.automation.tests.seleniumTests.BookTicket_Test.Initialize(BookTicket_Test.java:17)
at com.automation.tests.seleniumTests.BookTicket_Test.Initialize(BookTicket_Test.java:17)
at com.automation.tests.seleniumTests.BookTicket_Test.Initialize(BookTicket_Test.java:17)
at com.automation.tests.seleniumTests.BookTicket_Test.Initialize(BookTicket_Test.java:17)
at com.automation.tests.seleniumTests.BookTicket_Test.Initialize(BookTicket_Test.java:17)
at com.automation.tests.seleniumTests.BookTicket_Test.Initialize(BookTicket_Test.java:17)
at com.automation.tests.seleniumTests.BookTicket_Test.Initialize(BookTicket_Test.java:17)
at com.automation.tests.seleniumTests.BookTicket_Test.Initialize(BookTicket_Test.java:17)
at com.automation.tests.seleniumTests.BookTicket_Test.Initialize(BookTicket_Test.java:17)
at com.automation.tests.seleniumTests.BookTicket_Test.Initialize(BookTicket_Test.java:17)
at com.automation.tests.seleniumTests.BookTicket_Test.Initialize(BookTicket_Test.java:17)
at com.automation.tests.seleniumTests.BookTicket_Test.Initialize(BookTicket_Test.java:17)
at com.automation.tests.seleniumTests.BookTicket_Test.Initialize(BookTicket_Test.java:17)
at com.automation.tests.seleniumTests.BookTicket_Test.Initialize(BookTicket_Test.java:17)
at com.automation.tests.seleniumTests.BookTicket_Test.Initialize(BookTicket_Test.java:17)
at com.automation.tests.seleniumTests.BookTicket_Test.Initialize(BookTicket_Test.java:17)
at com.automation.tests.seleniumTests.BookTicket_Test.Initialize(BookTicket_Test.java:17)
at com.automation.tests.seleniumTests.BookTicket_Test.Initialize(BookTicket_Test.java:17)
at com.automation.tests.seleniumTests.BookTicket_Test.Initialize(BookTicket_Test.java:17)
at com.automation.tests.seleniumTests.BookTicket_Test.Initialize(BookTicket_Test.java:17)
at com.automation.tests.seleniumTests.BookTicket_Test.Initialize(BookTicket_Test.java:17)
at com.automation.tests.seleniumTests.BookTicket_Test.Initialize(BookTicket_Test.java:17)
at com.automation.tests.seleniumTests.BookTicket_Test.Initialize(BookTicket_Test.java:17)
at com.automation.tests.seleniumTests.BookTicket_Test.Initialize(BookTicket_Test.java:17)
at com.automation.tests.seleniumTests.BookTicket_Test.Initialize(BookTicket_Test.java:17)
at com.automation.tests.seleniumTests.BookTicket_Test.Initialize(BookTicket_Test.java:17)
at com.automation.tests.seleniumTests.BookTicket_Test.Initialize(BookTicket_Test.java:17)
at com.automation.tests.seleniumTests.BookTicket_Test.Initialize(BookTicket_Test.java:17)
at com.automation.tests.seleniumTests.BookTicket_Test.Initialize(BookTicket_Test.java:17)
at com.automation.tests.seleniumTests.BookTicket_Test.Initialize(BookTicket_Test.java:17)
at com.automation.tests.seleniumTests.BookTicket_Test.Initialize(BookTicket_Test.java:17)
at com.automation.tests.seleniumTests.BookTicket_Test.Initialize(BookTicket_Test.java:17)
at com.automation.tests.seleniumTests.BookTicket_Test.Initialize(BookTicket_Test.java:17)
at com.automation.tests.seleniumTests.BookTicket_Test.Initialize(BookTicket_Test.java:17)
at com.automation.tests.seleniumTests.BookTicket_Test.Initialize(BookTicket_Test.java:17)
at com.automation.tests.seleniumTests.BookTicket_Test.Initialize(BookTicket_Test.java:17)
at com.automation.tests.seleniumTests.BookTicket_Test.Initialize(BookTicket_Test.java:17)
at com.automation.tests.seleniumTests.BookTicket_Test.Initialize(BookTicket_Test.java:17)
at com.automation.tests.seleniumTests.BookTicket_Test.Initialize(BookTicket_Test.java:17)
at com.automation.tests.seleniumTests.BookTicket_Test.Initialize(BookTicket_Test.java:17)
at com.automation.tests.seleniumTests.BookTicket_Test.Initialize(BookTicket_Test.java:17)
at com.automation.tests.seleniumTests.BookTicket_Test.Initialize(BookTicket_Test.java:17)
at com.automation.tests.seleniumTests.BookTicket_Test.Initialize(BookTicket_Test.java:17)
at com.automation.tests.seleniumTests.BookTicket_Test.Initialize(BookTicket_Test.java:17)
at com.automation.tests.seleniumTests.BookTicket_Test.Initialize(BookTicket_Test.java:17)
at com.automation.tests.seleniumTests.BookTicket_Test.Initialize(BookTicket_Test.java:17)
at com.automation.tests.seleniumTests.BookTicket_Test.Initialize(BookTicket_Test.java:17)
at com.automation.tests.seleniumTests.BookTicket_Test.Initialize(BookTicket_Test.java:17)
at com.automation.tests.seleniumTests.BookTicket_Test.Initialize(BookTicket_Test.java:17)
at com.automation.tests.seleniumTests.BookTicket_Test.Initialize(BookTicket_Test.java:17)
at com.automation.tests.seleniumTests.BookTicket_Test.Initialize(BookTicket_Test.java:17)
at com.automation.tests.seleniumTests.BookTicket_Test.Initialize(BookTicket_Test.java:17)
at com.automation.tests.seleniumTests.BookTicket_Test.Initialize(BookTicket_Test.java:17)
at com.automation.tests.seleniumTests.BookTicket_Test.Initialize(BookTicket_Test.java:17)
at com.automation.tests.seleniumTests.BookTicket_Test.Initialize(BookTicket_Test.java:17)
at com.automation.tests.seleniumTests.BookTicket_Test.Initialize(BookTicket_Test.java:17)
at com.automation.tests.seleniumTests.BookTicket_Test.Initialize(BookTicket_Test.java:17)
at com.automation.tests.seleniumTests.BookTicket_Test.Initialize(BookTicket_Test.java:17)
at com.automation.tests.seleniumTests.BookTicket_Test.Initialize(BookTicket_Test.java:17)
at com.automation.tests.seleniumTests.BookTicket_Test.Initialize(BookTicket_Test.java:17)
at com.automation.tests.seleniumTests.BookTicket_Test.Initialize(BookTicket_Test.java:17)
at com.automation.tests.seleniumTests.BookTicket_Test.Initialize(BookTicket_Test.java:17)
at com.automation.tests.seleniumTests.BookTicket_Test.Initialize(BookTicket_Test.java:17)
at com.automation.tests.seleniumTests.BookTicket_Test.Initialize(BookTicket_Test.java:17)
at com.automation.tests.seleniumTests.BookTicket_Test.Initialize(BookTicket_Test.java:17)
at com.automation.tests.seleniumTests.BookTicket_Test.Initialize(BookTicket_Test.java:17)
at com.automation.tests.seleniumTests.BookTicket_Test.Initialize(BookTicket_Test.java:17)
at com.automation.tests.seleniumTests.BookTicket_Test.Initialize(BookTicket_Test.java:17)
at com.automation.tests.seleniumTests.BookTicket_Test.Initialize(BookTicket_Test.java:17)
at com.automation.tests.seleniumTests.BookTicket_Test.Initialize(BookTicket_Test.java:17)
at com.automation.tests.seleniumTests.BookTicket_Test.Initialize(BookTicket_Test.java:17)
]]>
    </error>
  </testcase> <!-- Initialize -->
  <system-out/>
</testsuite> <!-- com.automation.tests.seleniumTests.BookTicket_Test -->
