<?xml version="1.0" encoding="UTF-8"?>
<!-- Generated by org.testng.reporters.JUnitReportReporter -->
<testsuite hostname="INBENKARSELVAN1" failures="0" tests="2" name="com.automation.tests.seleniumTests.BookTicketTest" time="9.740" errors="0" timestamp="2022-05-23T12:24:47 IST" skipped="0">
  <testcase classname="com.automation.tests.seleniumTests.BookTicketTest" name="Test_BookFlights_2" time="5.074"/>
  <system-out/>
  <testcase classname="com.automation.tests.seleniumTests.BookTicketTest" name="Test_BookFlights" time="4.666"/>
  <system-out/>
</testsuite> <!-- com.automation.tests.seleniumTests.BookTicketTest -->
